{"/Users/isaacfoster/Documents/github/uasp/packages/skills-cli/src/core/github.ts": {"path":"/Users/isaacfoster/Documents/github/uasp/packages/skills-cli/src/core/github.ts","all":false,"statementMap":{"0":{"start":{"line":1,"column":0},"end":{"line":1,"column":3}},"1":{"start":{"line":2,"column":0},"end":{"line":2,"column":41}},"2":{"start":{"line":3,"column":0},"end":{"line":3,"column":3}},"3":{"start":{"line":4,"column":0},"end":{"line":4,"column":0}},"4":{"start":{"line":5,"column":0},"end":{"line":5,"column":31}},"5":{"start":{"line":6,"column":0},"end":{"line":6,"column":29}},"6":{"start":{"line":7,"column":0},"end":{"line":7,"column":24}},"7":{"start":{"line":8,"column":0},"end":{"line":8,"column":0}},"8":{"start":{"line":9,"column":0},"end":{"line":9,"column":31}},"9":{"start":{"line":10,"column":0},"end":{"line":10,"column":16}},"10":{"start":{"line":11,"column":0},"end":{"line":11,"column":15}},"11":{"start":{"line":12,"column":0},"end":{"line":12,"column":15}},"12":{"start":{"line":13,"column":0},"end":{"line":13,"column":14}},"13":{"start":{"line":14,"column":0},"end":{"line":14,"column":20}},"14":{"start":{"line":15,"column":0},"end":{"line":15,"column":21}},"15":{"start":{"line":16,"column":0},"end":{"line":16,"column":1}},"16":{"start":{"line":17,"column":0},"end":{"line":17,"column":0}},"17":{"start":{"line":18,"column":0},"end":{"line":18,"column":3}},"18":{"start":{"line":19,"column":0},"end":{"line":19,"column":51}},"19":{"start":{"line":20,"column":0},"end":{"line":20,"column":20}},"20":{"start":{"line":21,"column":0},"end":{"line":21,"column":51}},"21":{"start":{"line":22,"column":0},"end":{"line":22,"column":61}},"22":{"start":{"line":23,"column":0},"end":{"line":23,"column":27}},"23":{"start":{"line":24,"column":0},"end":{"line":24,"column":39}},"24":{"start":{"line":25,"column":0},"end":{"line":25,"column":32}},"25":{"start":{"line":26,"column":0},"end":{"line":26,"column":33}},"26":{"start":{"line":27,"column":0},"end":{"line":27,"column":3}},"27":{"start":{"line":28,"column":0},"end":{"line":28,"column":66}},"28":{"start":{"line":29,"column":0},"end":{"line":29,"column":28}},"29":{"start":{"line":30,"column":0},"end":{"line":30,"column":106}},"30":{"start":{"line":31,"column":0},"end":{"line":31,"column":69}},"31":{"start":{"line":32,"column":0},"end":{"line":32,"column":12}},"32":{"start":{"line":33,"column":0},"end":{"line":33,"column":21}},"33":{"start":{"line":34,"column":0},"end":{"line":34,"column":20}},"34":{"start":{"line":35,"column":0},"end":{"line":35,"column":15}},"35":{"start":{"line":36,"column":0},"end":{"line":36,"column":19}},"36":{"start":{"line":37,"column":0},"end":{"line":37,"column":20}},"37":{"start":{"line":38,"column":0},"end":{"line":38,"column":41}},"38":{"start":{"line":39,"column":0},"end":{"line":39,"column":6}},"39":{"start":{"line":40,"column":0},"end":{"line":40,"column":3}},"40":{"start":{"line":41,"column":0},"end":{"line":41,"column":0}},"41":{"start":{"line":42,"column":0},"end":{"line":42,"column":29}},"42":{"start":{"line":43,"column":0},"end":{"line":43,"column":34}},"43":{"start":{"line":44,"column":0},"end":{"line":44,"column":42}},"44":{"start":{"line":45,"column":0},"end":{"line":45,"column":38}},"45":{"start":{"line":46,"column":0},"end":{"line":46,"column":46}},"46":{"start":{"line":47,"column":0},"end":{"line":47,"column":12}},"47":{"start":{"line":48,"column":0},"end":{"line":48,"column":12}},"48":{"start":{"line":49,"column":0},"end":{"line":49,"column":11}},"49":{"start":{"line":50,"column":0},"end":{"line":50,"column":38}},"50":{"start":{"line":51,"column":0},"end":{"line":51,"column":18}},"51":{"start":{"line":52,"column":0},"end":{"line":52,"column":6}},"52":{"start":{"line":53,"column":0},"end":{"line":53,"column":3}},"53":{"start":{"line":54,"column":0},"end":{"line":54,"column":0}},"54":{"start":{"line":55,"column":0},"end":{"line":55,"column":28}},"55":{"start":{"line":56,"column":0},"end":{"line":56,"column":26}},"56":{"start":{"line":57,"column":0},"end":{"line":57,"column":66}},"57":{"start":{"line":58,"column":0},"end":{"line":58,"column":4}},"58":{"start":{"line":59,"column":0},"end":{"line":59,"column":0}},"59":{"start":{"line":60,"column":0},"end":{"line":60,"column":26}},"60":{"start":{"line":61,"column":0},"end":{"line":61,"column":0}},"61":{"start":{"line":62,"column":0},"end":{"line":62,"column":60}},"62":{"start":{"line":63,"column":0},"end":{"line":63,"column":45}},"63":{"start":{"line":64,"column":0},"end":{"line":64,"column":1}},"64":{"start":{"line":65,"column":0},"end":{"line":65,"column":0}},"65":{"start":{"line":66,"column":0},"end":{"line":66,"column":3}},"66":{"start":{"line":67,"column":0},"end":{"line":67,"column":51}},"67":{"start":{"line":68,"column":0},"end":{"line":68,"column":3}},"68":{"start":{"line":69,"column":0},"end":{"line":69,"column":77}},"69":{"start":{"line":70,"column":0},"end":{"line":70,"column":73}},"70":{"start":{"line":71,"column":0},"end":{"line":71,"column":102}},"71":{"start":{"line":72,"column":0},"end":{"line":72,"column":1}},"72":{"start":{"line":73,"column":0},"end":{"line":73,"column":0}},"73":{"start":{"line":74,"column":0},"end":{"line":74,"column":3}},"74":{"start":{"line":75,"column":0},"end":{"line":75,"column":47}},"75":{"start":{"line":76,"column":0},"end":{"line":76,"column":3}},"76":{"start":{"line":77,"column":0},"end":{"line":77,"column":38}},"77":{"start":{"line":78,"column":0},"end":{"line":78,"column":23}},"78":{"start":{"line":79,"column":0},"end":{"line":79,"column":18}},"79":{"start":{"line":80,"column":0},"end":{"line":80,"column":20}},"80":{"start":{"line":81,"column":0},"end":{"line":81,"column":23}},"81":{"start":{"line":82,"column":0},"end":{"line":82,"column":43}},"82":{"start":{"line":83,"column":0},"end":{"line":83,"column":59}},"83":{"start":{"line":84,"column":0},"end":{"line":84,"column":9}},"84":{"start":{"line":85,"column":0},"end":{"line":85,"column":50}},"85":{"start":{"line":86,"column":0},"end":{"line":86,"column":21}},"86":{"start":{"line":87,"column":0},"end":{"line":87,"column":92}},"87":{"start":{"line":88,"column":0},"end":{"line":88,"column":5}},"88":{"start":{"line":89,"column":0},"end":{"line":89,"column":3}},"89":{"start":{"line":90,"column":0},"end":{"line":90,"column":0}},"90":{"start":{"line":91,"column":0},"end":{"line":91,"column":24}},"91":{"start":{"line":92,"column":0},"end":{"line":92,"column":44}},"92":{"start":{"line":93,"column":0},"end":{"line":93,"column":36}},"93":{"start":{"line":94,"column":0},"end":{"line":94,"column":0}},"94":{"start":{"line":95,"column":0},"end":{"line":95,"column":21}},"95":{"start":{"line":96,"column":0},"end":{"line":96,"column":89}},"96":{"start":{"line":97,"column":0},"end":{"line":97,"column":3}},"97":{"start":{"line":98,"column":0},"end":{"line":98,"column":0}},"98":{"start":{"line":99,"column":0},"end":{"line":99,"column":25}},"99":{"start":{"line":100,"column":0},"end":{"line":100,"column":1}},"100":{"start":{"line":101,"column":0},"end":{"line":101,"column":0}},"101":{"start":{"line":102,"column":0},"end":{"line":102,"column":3}},"102":{"start":{"line":103,"column":0},"end":{"line":103,"column":51}},"103":{"start":{"line":104,"column":0},"end":{"line":104,"column":3}},"104":{"start":{"line":105,"column":0},"end":{"line":105,"column":76}},"105":{"start":{"line":106,"column":0},"end":{"line":106,"column":50}},"106":{"start":{"line":107,"column":0},"end":{"line":107,"column":1}},"107":{"start":{"line":108,"column":0},"end":{"line":108,"column":0}},"108":{"start":{"line":109,"column":0},"end":{"line":109,"column":3}},"109":{"start":{"line":110,"column":0},"end":{"line":110,"column":46}},"110":{"start":{"line":111,"column":0},"end":{"line":111,"column":3}},"111":{"start":{"line":112,"column":0},"end":{"line":112,"column":37}},"112":{"start":{"line":113,"column":0},"end":{"line":113,"column":23}},"113":{"start":{"line":114,"column":0},"end":{"line":114,"column":19}},"114":{"start":{"line":115,"column":0},"end":{"line":115,"column":20}},"115":{"start":{"line":116,"column":0},"end":{"line":116,"column":44}},"116":{"start":{"line":117,"column":0},"end":{"line":117,"column":1}}},"s":{"0":1,"1":1,"2":1,"3":1,"4":1,"5":1,"6":1,"7":1,"8":1,"9":1,"10":1,"11":1,"12":1,"13":1,"14":1,"15":1,"16":1,"17":1,"18":1,"19":1,"20":1,"21":1,"22":1,"23":1,"24":1,"25":1,"26":1,"27":1,"28":40,"29":40,"30":20,"31":20,"32":20,"33":20,"34":20,"35":20,"36":20,"37":20,"38":20,"39":20,"40":20,"41":20,"42":25,"43":6,"44":6,"45":3,"46":3,"47":3,"48":3,"49":6,"50":6,"51":6,"52":6,"53":14,"54":14,"55":14,"56":14,"57":14,"58":14,"59":25,"60":10,"61":10,"62":10,"63":10,"64":1,"65":1,"66":1,"67":1,"68":1,"69":11,"70":11,"71":11,"72":1,"73":1,"74":1,"75":1,"76":30,"77":30,"78":30,"79":30,"80":30,"81":30,"82":23,"83":23,"84":23,"85":23,"86":2,"87":2,"88":23,"89":7,"90":7,"91":7,"92":7,"93":7,"94":12,"95":2,"96":2,"97":5,"98":5,"99":5,"100":1,"101":1,"102":1,"103":1,"104":2,"105":2,"106":2,"107":1,"108":1,"109":1,"110":1,"111":21,"112":21,"113":21,"114":21,"115":21,"116":21},"branchMap":{"0":{"type":"branch","line":28,"loc":{"start":{"line":28,"column":7},"end":{"line":64,"column":1}},"locations":[{"start":{"line":28,"column":7},"end":{"line":64,"column":1}}]},"1":{"type":"branch","line":30,"loc":{"start":{"line":30,"column":30},"end":{"line":30,"column":58}},"locations":[{"start":{"line":30,"column":30},"end":{"line":30,"column":58}}]},"2":{"type":"branch","line":30,"loc":{"start":{"line":30,"column":53},"end":{"line":30,"column":82}},"locations":[{"start":{"line":30,"column":53},"end":{"line":30,"column":82}}]},"3":{"type":"branch","line":30,"loc":{"start":{"line":30,"column":77},"end":{"line":30,"column":105}},"locations":[{"start":{"line":30,"column":77},"end":{"line":30,"column":105}}]},"4":{"type":"branch","line":30,"loc":{"start":{"line":30,"column":105},"end":{"line":40,"column":3}},"locations":[{"start":{"line":30,"column":105},"end":{"line":40,"column":3}}]},"5":{"type":"branch","line":31,"loc":{"start":{"line":31,"column":46},"end":{"line":31,"column":65}},"locations":[{"start":{"line":31,"column":46},"end":{"line":31,"column":65}}]},"6":{"type":"branch","line":31,"loc":{"start":{"line":31,"column":61},"end":{"line":31,"column":69}},"locations":[{"start":{"line":31,"column":61},"end":{"line":31,"column":69}}]},"7":{"type":"branch","line":40,"loc":{"start":{"line":40,"column":2},"end":{"line":64,"column":1}},"locations":[{"start":{"line":40,"column":2},"end":{"line":64,"column":1}}]},"8":{"type":"branch","line":40,"loc":{"start":{"line":40,"column":2},"end":{"line":43,"column":33}},"locations":[{"start":{"line":40,"column":2},"end":{"line":43,"column":33}}]},"9":{"type":"branch","line":43,"loc":{"start":{"line":43,"column":33},"end":{"line":53,"column":3}},"locations":[{"start":{"line":43,"column":33},"end":{"line":53,"column":3}}]},"10":{"type":"branch","line":45,"loc":{"start":{"line":45,"column":26},"end":{"line":50,"column":35}},"locations":[{"start":{"line":45,"column":26},"end":{"line":50,"column":35}}]},"11":{"type":"branch","line":50,"loc":{"start":{"line":50,"column":30},"end":{"line":50,"column":38}},"locations":[{"start":{"line":50,"column":30},"end":{"line":50,"column":38}}]},"12":{"type":"branch","line":53,"loc":{"start":{"line":53,"column":2},"end":{"line":60,"column":21}},"locations":[{"start":{"line":53,"column":2},"end":{"line":60,"column":21}}]},"13":{"type":"branch","line":60,"loc":{"start":{"line":60,"column":14},"end":{"line":60,"column":26}},"locations":[{"start":{"line":60,"column":14},"end":{"line":60,"column":26}}]},"14":{"type":"branch","line":60,"loc":{"start":{"line":60,"column":21},"end":{"line":64,"column":1}},"locations":[{"start":{"line":60,"column":21},"end":{"line":64,"column":1}}]},"15":{"type":"branch","line":69,"loc":{"start":{"line":69,"column":7},"end":{"line":72,"column":1}},"locations":[{"start":{"line":69,"column":7},"end":{"line":72,"column":1}}]},"16":{"type":"branch","line":70,"loc":{"start":{"line":70,"column":26},"end":{"line":70,"column":64}},"locations":[{"start":{"line":70,"column":26},"end":{"line":70,"column":64}}]},"17":{"type":"branch","line":70,"loc":{"start":{"line":70,"column":59},"end":{"line":70,"column":73}},"locations":[{"start":{"line":70,"column":59},"end":{"line":70,"column":73}}]},"18":{"type":"branch","line":77,"loc":{"start":{"line":77,"column":0},"end":{"line":100,"column":1}},"locations":[{"start":{"line":77,"column":0},"end":{"line":100,"column":1}}]},"19":{"type":"branch","line":82,"loc":{"start":{"line":82,"column":13},"end":{"line":82,"column":42}},"locations":[{"start":{"line":82,"column":13},"end":{"line":82,"column":42}}]},"20":{"type":"branch","line":82,"loc":{"start":{"line":82,"column":42},"end":{"line":89,"column":3}},"locations":[{"start":{"line":82,"column":42},"end":{"line":89,"column":3}}]},"21":{"type":"branch","line":86,"loc":{"start":{"line":86,"column":4},"end":{"line":88,"column":5}},"locations":[{"start":{"line":86,"column":4},"end":{"line":88,"column":5}}]},"22":{"type":"branch","line":89,"loc":{"start":{"line":89,"column":2},"end":{"line":100,"column":1}},"locations":[{"start":{"line":89,"column":2},"end":{"line":100,"column":1}}]},"23":{"type":"branch","line":89,"loc":{"start":{"line":89,"column":2},"end":{"line":95,"column":20}},"locations":[{"start":{"line":89,"column":2},"end":{"line":95,"column":20}}]},"24":{"type":"branch","line":95,"loc":{"start":{"line":95,"column":20},"end":{"line":97,"column":3}},"locations":[{"start":{"line":95,"column":20},"end":{"line":97,"column":3}}]},"25":{"type":"branch","line":97,"loc":{"start":{"line":97,"column":2},"end":{"line":100,"column":1}},"locations":[{"start":{"line":97,"column":2},"end":{"line":100,"column":1}}]},"26":{"type":"branch","line":105,"loc":{"start":{"line":105,"column":0},"end":{"line":107,"column":1}},"locations":[{"start":{"line":105,"column":0},"end":{"line":107,"column":1}}]},"27":{"type":"branch","line":112,"loc":{"start":{"line":112,"column":0},"end":{"line":117,"column":1}},"locations":[{"start":{"line":112,"column":0},"end":{"line":117,"column":1}}]}},"b":{"0":[40],"1":[39],"2":[23],"3":[21],"4":[20],"5":[1],"6":[19],"7":[25],"8":[20],"9":[6],"10":[3],"11":[1],"12":[14],"13":[4],"14":[10],"15":[11],"16":[6],"17":[5],"18":[30],"19":[23],"20":[23],"21":[2],"22":[12],"23":[7],"24":[2],"25":[5],"26":[2],"27":[21]},"fnMap":{"0":{"name":"parseGitHubUrl","decl":{"start":{"line":28,"column":7},"end":{"line":64,"column":1}},"loc":{"start":{"line":28,"column":7},"end":{"line":64,"column":1}},"line":28},"1":{"name":"buildRawUrl","decl":{"start":{"line":69,"column":7},"end":{"line":72,"column":1}},"loc":{"start":{"line":69,"column":7},"end":{"line":72,"column":1}},"line":69},"2":{"name":"fetchFromGitHub","decl":{"start":{"line":77,"column":0},"end":{"line":100,"column":1}},"loc":{"start":{"line":77,"column":0},"end":{"line":100,"column":1}},"line":77},"3":{"name":"fetchRegistry","decl":{"start":{"line":105,"column":0},"end":{"line":107,"column":1}},"loc":{"start":{"line":105,"column":0},"end":{"line":107,"column":1}},"line":105},"4":{"name":"fetchSkillFile","decl":{"start":{"line":112,"column":0},"end":{"line":117,"column":1}},"loc":{"start":{"line":112,"column":0},"end":{"line":117,"column":1}},"line":112}},"f":{"0":40,"1":11,"2":30,"3":2,"4":21}}
,"/Users/isaacfoster/Documents/github/uasp/packages/skills-cli/src/core/installer.ts": {"path":"/Users/isaacfoster/Documents/github/uasp/packages/skills-cli/src/core/installer.ts","all":false,"statementMap":{"0":{"start":{"line":1,"column":0},"end":{"line":1,"column":3}},"1":{"start":{"line":2,"column":0},"end":{"line":2,"column":32}},"2":{"start":{"line":3,"column":0},"end":{"line":3,"column":3}},"3":{"start":{"line":4,"column":0},"end":{"line":4,"column":0}},"4":{"start":{"line":5,"column":0},"end":{"line":5,"column":26}},"5":{"start":{"line":6,"column":0},"end":{"line":6,"column":24}},"6":{"start":{"line":7,"column":0},"end":{"line":7,"column":20}},"7":{"start":{"line":8,"column":0},"end":{"line":8,"column":24}},"8":{"start":{"line":9,"column":0},"end":{"line":9,"column":92}},"9":{"start":{"line":10,"column":0},"end":{"line":10,"column":64}},"10":{"start":{"line":11,"column":0},"end":{"line":11,"column":47}},"11":{"start":{"line":12,"column":0},"end":{"line":12,"column":0}},"12":{"start":{"line":13,"column":0},"end":{"line":13,"column":79}},"13":{"start":{"line":14,"column":0},"end":{"line":14,"column":18}},"14":{"start":{"line":15,"column":0},"end":{"line":15,"column":79}},"15":{"start":{"line":16,"column":0},"end":{"line":16,"column":0}},"16":{"start":{"line":17,"column":0},"end":{"line":17,"column":3}},"17":{"start":{"line":18,"column":0},"end":{"line":18,"column":60}},"18":{"start":{"line":19,"column":0},"end":{"line":19,"column":3}},"19":{"start":{"line":20,"column":0},"end":{"line":20,"column":73}},"20":{"start":{"line":21,"column":0},"end":{"line":21,"column":41}},"21":{"start":{"line":22,"column":0},"end":{"line":22,"column":1}},"22":{"start":{"line":23,"column":0},"end":{"line":23,"column":0}},"23":{"start":{"line":24,"column":0},"end":{"line":24,"column":3}},"24":{"start":{"line":25,"column":0},"end":{"line":25,"column":63}},"25":{"start":{"line":26,"column":0},"end":{"line":26,"column":3}},"26":{"start":{"line":27,"column":0},"end":{"line":27,"column":46}},"27":{"start":{"line":28,"column":0},"end":{"line":28,"column":44}},"28":{"start":{"line":29,"column":0},"end":{"line":29,"column":1}},"29":{"start":{"line":30,"column":0},"end":{"line":30,"column":0}},"30":{"start":{"line":31,"column":0},"end":{"line":31,"column":3}},"31":{"start":{"line":32,"column":0},"end":{"line":32,"column":42}},"32":{"start":{"line":33,"column":0},"end":{"line":33,"column":3}},"33":{"start":{"line":34,"column":0},"end":{"line":34,"column":46}},"34":{"start":{"line":35,"column":0},"end":{"line":35,"column":51}},"35":{"start":{"line":36,"column":0},"end":{"line":36,"column":1}},"36":{"start":{"line":37,"column":0},"end":{"line":37,"column":0}},"37":{"start":{"line":38,"column":0},"end":{"line":38,"column":3}},"38":{"start":{"line":39,"column":0},"end":{"line":39,"column":35}},"39":{"start":{"line":40,"column":0},"end":{"line":40,"column":3}},"40":{"start":{"line":41,"column":0},"end":{"line":41,"column":40}},"41":{"start":{"line":42,"column":0},"end":{"line":42,"column":44}},"42":{"start":{"line":43,"column":0},"end":{"line":43,"column":1}},"43":{"start":{"line":44,"column":0},"end":{"line":44,"column":0}},"44":{"start":{"line":45,"column":0},"end":{"line":45,"column":3}},"45":{"start":{"line":46,"column":0},"end":{"line":46,"column":53}},"46":{"start":{"line":47,"column":0},"end":{"line":47,"column":3}},"47":{"start":{"line":48,"column":0},"end":{"line":48,"column":48}},"48":{"start":{"line":49,"column":0},"end":{"line":49,"column":45}},"49":{"start":{"line":50,"column":0},"end":{"line":50,"column":1}},"50":{"start":{"line":51,"column":0},"end":{"line":51,"column":0}},"51":{"start":{"line":52,"column":0},"end":{"line":52,"column":3}},"52":{"start":{"line":53,"column":0},"end":{"line":53,"column":42}},"53":{"start":{"line":54,"column":0},"end":{"line":54,"column":3}},"54":{"start":{"line":55,"column":0},"end":{"line":55,"column":49}},"55":{"start":{"line":56,"column":0},"end":{"line":56,"column":61}},"56":{"start":{"line":57,"column":0},"end":{"line":57,"column":1}},"57":{"start":{"line":58,"column":0},"end":{"line":58,"column":0}},"58":{"start":{"line":59,"column":0},"end":{"line":59,"column":3}},"59":{"start":{"line":60,"column":0},"end":{"line":60,"column":41}},"60":{"start":{"line":61,"column":0},"end":{"line":61,"column":3}},"61":{"start":{"line":62,"column":0},"end":{"line":62,"column":74}},"62":{"start":{"line":63,"column":0},"end":{"line":63,"column":54}},"63":{"start":{"line":64,"column":0},"end":{"line":64,"column":1}},"64":{"start":{"line":65,"column":0},"end":{"line":65,"column":0}},"65":{"start":{"line":66,"column":0},"end":{"line":66,"column":79}},"66":{"start":{"line":67,"column":0},"end":{"line":67,"column":35}},"67":{"start":{"line":68,"column":0},"end":{"line":68,"column":79}},"68":{"start":{"line":69,"column":0},"end":{"line":69,"column":0}},"69":{"start":{"line":70,"column":0},"end":{"line":70,"column":27}},"70":{"start":{"line":71,"column":0},"end":{"line":71,"column":17}},"71":{"start":{"line":72,"column":0},"end":{"line":72,"column":42}},"72":{"start":{"line":73,"column":0},"end":{"line":73,"column":20}},"73":{"start":{"line":74,"column":0},"end":{"line":74,"column":20}},"74":{"start":{"line":75,"column":0},"end":{"line":75,"column":26}},"75":{"start":{"line":76,"column":0},"end":{"line":76,"column":22}},"76":{"start":{"line":77,"column":0},"end":{"line":77,"column":20}},"77":{"start":{"line":78,"column":0},"end":{"line":78,"column":1}},"78":{"start":{"line":79,"column":0},"end":{"line":79,"column":0}},"79":{"start":{"line":80,"column":0},"end":{"line":80,"column":26}},"80":{"start":{"line":81,"column":0},"end":{"line":81,"column":18}},"81":{"start":{"line":82,"column":0},"end":{"line":82,"column":42}},"82":{"start":{"line":83,"column":0},"end":{"line":83,"column":1}},"83":{"start":{"line":84,"column":0},"end":{"line":84,"column":0}},"84":{"start":{"line":85,"column":0},"end":{"line":85,"column":3}},"85":{"start":{"line":86,"column":0},"end":{"line":86,"column":39}},"86":{"start":{"line":87,"column":0},"end":{"line":87,"column":3}},"87":{"start":{"line":88,"column":0},"end":{"line":88,"column":62}},"88":{"start":{"line":89,"column":0},"end":{"line":89,"column":43}},"89":{"start":{"line":90,"column":0},"end":{"line":90,"column":0}},"90":{"start":{"line":91,"column":0},"end":{"line":91,"column":38}},"91":{"start":{"line":92,"column":0},"end":{"line":92,"column":57}},"92":{"start":{"line":93,"column":0},"end":{"line":93,"column":49}},"93":{"start":{"line":94,"column":0},"end":{"line":94,"column":3}},"94":{"start":{"line":95,"column":0},"end":{"line":95,"column":0}},"95":{"start":{"line":96,"column":0},"end":{"line":96,"column":10}},"96":{"start":{"line":97,"column":0},"end":{"line":97,"column":15}},"97":{"start":{"line":98,"column":0},"end":{"line":98,"column":15}},"98":{"start":{"line":99,"column":0},"end":{"line":99,"column":4}},"99":{"start":{"line":100,"column":0},"end":{"line":100,"column":1}},"100":{"start":{"line":101,"column":0},"end":{"line":101,"column":0}},"101":{"start":{"line":102,"column":0},"end":{"line":102,"column":3}},"102":{"start":{"line":103,"column":0},"end":{"line":103,"column":29}},"103":{"start":{"line":104,"column":0},"end":{"line":104,"column":3}},"104":{"start":{"line":105,"column":0},"end":{"line":105,"column":76}},"105":{"start":{"line":106,"column":0},"end":{"line":106,"column":43}},"106":{"start":{"line":107,"column":0},"end":{"line":107,"column":45}},"107":{"start":{"line":108,"column":0},"end":{"line":108,"column":66}},"108":{"start":{"line":109,"column":0},"end":{"line":109,"column":1}},"109":{"start":{"line":110,"column":0},"end":{"line":110,"column":0}},"110":{"start":{"line":111,"column":0},"end":{"line":111,"column":79}},"111":{"start":{"line":112,"column":0},"end":{"line":112,"column":30}},"112":{"start":{"line":113,"column":0},"end":{"line":113,"column":79}},"113":{"start":{"line":114,"column":0},"end":{"line":114,"column":0}},"114":{"start":{"line":115,"column":0},"end":{"line":115,"column":3}},"115":{"start":{"line":116,"column":0},"end":{"line":116,"column":54}},"116":{"start":{"line":117,"column":0},"end":{"line":117,"column":3}},"117":{"start":{"line":118,"column":0},"end":{"line":118,"column":86}},"118":{"start":{"line":119,"column":0},"end":{"line":119,"column":29}},"119":{"start":{"line":120,"column":0},"end":{"line":120,"column":0}},"120":{"start":{"line":121,"column":0},"end":{"line":121,"column":16}},"121":{"start":{"line":122,"column":0},"end":{"line":122,"column":20}},"122":{"start":{"line":123,"column":0},"end":{"line":123,"column":41}},"123":{"start":{"line":124,"column":0},"end":{"line":124,"column":84}},"124":{"start":{"line":125,"column":0},"end":{"line":125,"column":0}},"125":{"start":{"line":126,"column":0},"end":{"line":126,"column":37}},"126":{"start":{"line":127,"column":0},"end":{"line":127,"column":52}},"127":{"start":{"line":128,"column":0},"end":{"line":128,"column":60}},"128":{"start":{"line":129,"column":0},"end":{"line":129,"column":3}},"129":{"start":{"line":130,"column":0},"end":{"line":130,"column":0}},"130":{"start":{"line":131,"column":0},"end":{"line":131,"column":26}},"131":{"start":{"line":132,"column":0},"end":{"line":132,"column":51}},"132":{"start":{"line":133,"column":0},"end":{"line":133,"column":43}},"133":{"start":{"line":134,"column":0},"end":{"line":134,"column":31}},"134":{"start":{"line":135,"column":0},"end":{"line":135,"column":20}},"135":{"start":{"line":136,"column":0},"end":{"line":136,"column":17}},"136":{"start":{"line":137,"column":0},"end":{"line":137,"column":0}},"137":{"start":{"line":138,"column":0},"end":{"line":138,"column":10}},"138":{"start":{"line":139,"column":0},"end":{"line":139,"column":31}},"139":{"start":{"line":140,"column":0},"end":{"line":140,"column":15}},"140":{"start":{"line":141,"column":0},"end":{"line":141,"column":55}},"141":{"start":{"line":142,"column":0},"end":{"line":142,"column":15}},"142":{"start":{"line":143,"column":0},"end":{"line":143,"column":27}},"143":{"start":{"line":144,"column":0},"end":{"line":144,"column":17}},"144":{"start":{"line":145,"column":0},"end":{"line":145,"column":66}},"145":{"start":{"line":146,"column":0},"end":{"line":146,"column":17}},"146":{"start":{"line":147,"column":0},"end":{"line":147,"column":0}},"147":{"start":{"line":148,"column":0},"end":{"line":148,"column":22}},"148":{"start":{"line":149,"column":0},"end":{"line":149,"column":23}},"149":{"start":{"line":150,"column":0},"end":{"line":150,"column":42}},"150":{"start":{"line":151,"column":0},"end":{"line":151,"column":32}},"151":{"start":{"line":152,"column":0},"end":{"line":152,"column":21}},"152":{"start":{"line":153,"column":0},"end":{"line":153,"column":53}},"153":{"start":{"line":154,"column":0},"end":{"line":154,"column":21}},"154":{"start":{"line":155,"column":0},"end":{"line":155,"column":5}},"155":{"start":{"line":156,"column":0},"end":{"line":156,"column":41}},"156":{"start":{"line":157,"column":0},"end":{"line":157,"column":31}},"157":{"start":{"line":158,"column":0},"end":{"line":158,"column":21}},"158":{"start":{"line":159,"column":0},"end":{"line":159,"column":76}},"159":{"start":{"line":160,"column":0},"end":{"line":160,"column":21}},"160":{"start":{"line":161,"column":0},"end":{"line":161,"column":5}},"161":{"start":{"line":162,"column":0},"end":{"line":162,"column":3}},"162":{"start":{"line":163,"column":0},"end":{"line":163,"column":0}},"163":{"start":{"line":164,"column":0},"end":{"line":164,"column":16}},"164":{"start":{"line":165,"column":0},"end":{"line":165,"column":26}},"165":{"start":{"line":166,"column":0},"end":{"line":166,"column":33}},"166":{"start":{"line":167,"column":0},"end":{"line":167,"column":19}},"167":{"start":{"line":168,"column":0},"end":{"line":168,"column":0}},"168":{"start":{"line":169,"column":0},"end":{"line":169,"column":42}},"169":{"start":{"line":170,"column":0},"end":{"line":170,"column":30}},"170":{"start":{"line":171,"column":0},"end":{"line":171,"column":21}},"171":{"start":{"line":172,"column":0},"end":{"line":172,"column":67}},"172":{"start":{"line":173,"column":0},"end":{"line":173,"column":21}},"173":{"start":{"line":174,"column":0},"end":{"line":174,"column":5}},"174":{"start":{"line":175,"column":0},"end":{"line":175,"column":0}},"175":{"start":{"line":176,"column":0},"end":{"line":176,"column":43}},"176":{"start":{"line":177,"column":0},"end":{"line":177,"column":31}},"177":{"start":{"line":178,"column":0},"end":{"line":178,"column":21}},"178":{"start":{"line":179,"column":0},"end":{"line":179,"column":68}},"179":{"start":{"line":180,"column":0},"end":{"line":180,"column":21}},"180":{"start":{"line":181,"column":0},"end":{"line":181,"column":5}},"181":{"start":{"line":182,"column":0},"end":{"line":182,"column":0}},"182":{"start":{"line":183,"column":0},"end":{"line":183,"column":43}},"183":{"start":{"line":184,"column":0},"end":{"line":184,"column":36}},"184":{"start":{"line":185,"column":0},"end":{"line":185,"column":21}},"185":{"start":{"line":186,"column":0},"end":{"line":186,"column":47}},"186":{"start":{"line":187,"column":0},"end":{"line":187,"column":53}},"187":{"start":{"line":188,"column":0},"end":{"line":188,"column":66}},"188":{"start":{"line":189,"column":0},"end":{"line":189,"column":9}},"189":{"start":{"line":190,"column":0},"end":{"line":190,"column":21}},"190":{"start":{"line":191,"column":0},"end":{"line":191,"column":5}},"191":{"start":{"line":192,"column":0},"end":{"line":192,"column":3}},"192":{"start":{"line":193,"column":0},"end":{"line":193,"column":0}},"193":{"start":{"line":194,"column":0},"end":{"line":194,"column":14}},"194":{"start":{"line":195,"column":0},"end":{"line":195,"column":32}},"195":{"start":{"line":196,"column":0},"end":{"line":196,"column":31}},"196":{"start":{"line":197,"column":0},"end":{"line":197,"column":19}},"197":{"start":{"line":198,"column":0},"end":{"line":198,"column":36}},"198":{"start":{"line":199,"column":0},"end":{"line":199,"column":52}},"199":{"start":{"line":200,"column":0},"end":{"line":200,"column":7}},"200":{"start":{"line":201,"column":0},"end":{"line":201,"column":19}},"201":{"start":{"line":202,"column":0},"end":{"line":202,"column":3}},"202":{"start":{"line":203,"column":0},"end":{"line":203,"column":0}},"203":{"start":{"line":204,"column":0},"end":{"line":204,"column":30}},"204":{"start":{"line":205,"column":0},"end":{"line":205,"column":65}},"205":{"start":{"line":206,"column":0},"end":{"line":206,"column":30}},"206":{"start":{"line":207,"column":0},"end":{"line":207,"column":19}},"207":{"start":{"line":208,"column":0},"end":{"line":208,"column":0}},"208":{"start":{"line":209,"column":0},"end":{"line":209,"column":66}},"209":{"start":{"line":210,"column":0},"end":{"line":210,"column":35}},"210":{"start":{"line":211,"column":0},"end":{"line":211,"column":21}},"211":{"start":{"line":212,"column":0},"end":{"line":212,"column":24}},"212":{"start":{"line":213,"column":0},"end":{"line":213,"column":29}},"213":{"start":{"line":214,"column":0},"end":{"line":214,"column":24}},"214":{"start":{"line":215,"column":0},"end":{"line":215,"column":21}},"215":{"start":{"line":216,"column":0},"end":{"line":216,"column":0}},"216":{"start":{"line":217,"column":0},"end":{"line":217,"column":28}},"217":{"start":{"line":218,"column":0},"end":{"line":218,"column":36}},"218":{"start":{"line":219,"column":0},"end":{"line":219,"column":23}},"219":{"start":{"line":220,"column":0},"end":{"line":220,"column":7}},"220":{"start":{"line":221,"column":0},"end":{"line":221,"column":0}},"221":{"start":{"line":222,"column":0},"end":{"line":222,"column":29}},"222":{"start":{"line":223,"column":0},"end":{"line":223,"column":37}},"223":{"start":{"line":224,"column":0},"end":{"line":224,"column":35}},"224":{"start":{"line":225,"column":0},"end":{"line":225,"column":56}},"225":{"start":{"line":226,"column":0},"end":{"line":226,"column":70}},"226":{"start":{"line":227,"column":0},"end":{"line":227,"column":68}},"227":{"start":{"line":228,"column":0},"end":{"line":228,"column":11}},"228":{"start":{"line":229,"column":0},"end":{"line":229,"column":23}},"229":{"start":{"line":230,"column":0},"end":{"line":230,"column":7}},"230":{"start":{"line":231,"column":0},"end":{"line":231,"column":0}},"231":{"start":{"line":232,"column":0},"end":{"line":232,"column":30}},"232":{"start":{"line":233,"column":0},"end":{"line":233,"column":33}},"233":{"start":{"line":234,"column":0},"end":{"line":234,"column":37}},"234":{"start":{"line":235,"column":0},"end":{"line":235,"column":60}},"235":{"start":{"line":236,"column":0},"end":{"line":236,"column":81}},"236":{"start":{"line":237,"column":0},"end":{"line":237,"column":11}},"237":{"start":{"line":238,"column":0},"end":{"line":238,"column":23}},"238":{"start":{"line":239,"column":0},"end":{"line":239,"column":7}},"239":{"start":{"line":240,"column":0},"end":{"line":240,"column":0}},"240":{"start":{"line":241,"column":0},"end":{"line":241,"column":21}},"241":{"start":{"line":242,"column":0},"end":{"line":242,"column":36}},"242":{"start":{"line":243,"column":0},"end":{"line":243,"column":23}},"243":{"start":{"line":244,"column":0},"end":{"line":244,"column":7}},"244":{"start":{"line":245,"column":0},"end":{"line":245,"column":5}},"245":{"start":{"line":246,"column":0},"end":{"line":246,"column":3}},"246":{"start":{"line":247,"column":0},"end":{"line":247,"column":0}},"247":{"start":{"line":248,"column":0},"end":{"line":248,"column":14}},"248":{"start":{"line":249,"column":0},"end":{"line":249,"column":67}},"249":{"start":{"line":250,"column":0},"end":{"line":250,"column":31}},"250":{"start":{"line":251,"column":0},"end":{"line":251,"column":19}},"251":{"start":{"line":252,"column":0},"end":{"line":252,"column":0}},"252":{"start":{"line":253,"column":0},"end":{"line":253,"column":65}},"253":{"start":{"line":254,"column":0},"end":{"line":254,"column":34}},"254":{"start":{"line":255,"column":0},"end":{"line":255,"column":21}},"255":{"start":{"line":256,"column":0},"end":{"line":256,"column":33}},"256":{"start":{"line":257,"column":0},"end":{"line":257,"column":21}},"257":{"start":{"line":258,"column":0},"end":{"line":258,"column":0}},"258":{"start":{"line":259,"column":0},"end":{"line":259,"column":29}},"259":{"start":{"line":260,"column":0},"end":{"line":260,"column":33}},"260":{"start":{"line":261,"column":0},"end":{"line":261,"column":39}},"261":{"start":{"line":262,"column":0},"end":{"line":262,"column":58}},"262":{"start":{"line":263,"column":0},"end":{"line":263,"column":57}},"263":{"start":{"line":264,"column":0},"end":{"line":264,"column":11}},"264":{"start":{"line":265,"column":0},"end":{"line":265,"column":23}},"265":{"start":{"line":266,"column":0},"end":{"line":266,"column":7}},"266":{"start":{"line":267,"column":0},"end":{"line":267,"column":5}},"267":{"start":{"line":268,"column":0},"end":{"line":268,"column":3}},"268":{"start":{"line":269,"column":0},"end":{"line":269,"column":0}},"269":{"start":{"line":270,"column":0},"end":{"line":270,"column":12}},"270":{"start":{"line":271,"column":0},"end":{"line":271,"column":30}},"271":{"start":{"line":272,"column":0},"end":{"line":272,"column":32}},"272":{"start":{"line":273,"column":0},"end":{"line":273,"column":19}},"273":{"start":{"line":274,"column":0},"end":{"line":274,"column":36}},"274":{"start":{"line":275,"column":0},"end":{"line":275,"column":20}},"275":{"start":{"line":276,"column":0},"end":{"line":276,"column":65}},"276":{"start":{"line":277,"column":0},"end":{"line":277,"column":28}},"277":{"start":{"line":278,"column":0},"end":{"line":278,"column":64}},"278":{"start":{"line":279,"column":0},"end":{"line":279,"column":7}},"279":{"start":{"line":280,"column":0},"end":{"line":280,"column":7}},"280":{"start":{"line":281,"column":0},"end":{"line":281,"column":19}},"281":{"start":{"line":282,"column":0},"end":{"line":282,"column":3}},"282":{"start":{"line":283,"column":0},"end":{"line":283,"column":0}},"283":{"start":{"line":284,"column":0},"end":{"line":284,"column":11}},"284":{"start":{"line":285,"column":0},"end":{"line":285,"column":20}},"285":{"start":{"line":286,"column":0},"end":{"line":286,"column":17}},"286":{"start":{"line":287,"column":0},"end":{"line":287,"column":72}},"287":{"start":{"line":288,"column":0},"end":{"line":288,"column":0}},"288":{"start":{"line":289,"column":0},"end":{"line":289,"column":26}},"289":{"start":{"line":290,"column":0},"end":{"line":290,"column":1}},"290":{"start":{"line":291,"column":0},"end":{"line":291,"column":0}},"291":{"start":{"line":292,"column":0},"end":{"line":292,"column":3}},"292":{"start":{"line":293,"column":0},"end":{"line":293,"column":29}},"293":{"start":{"line":294,"column":0},"end":{"line":294,"column":3}},"294":{"start":{"line":295,"column":0},"end":{"line":295,"column":77}},"295":{"start":{"line":296,"column":0},"end":{"line":296,"column":61}},"296":{"start":{"line":297,"column":0},"end":{"line":297,"column":1}},"297":{"start":{"line":298,"column":0},"end":{"line":298,"column":0}},"298":{"start":{"line":299,"column":0},"end":{"line":299,"column":3}},"299":{"start":{"line":300,"column":0},"end":{"line":300,"column":31}},"300":{"start":{"line":301,"column":0},"end":{"line":301,"column":3}},"301":{"start":{"line":302,"column":0},"end":{"line":302,"column":95}},"302":{"start":{"line":303,"column":0},"end":{"line":303,"column":51}},"303":{"start":{"line":304,"column":0},"end":{"line":304,"column":0}},"304":{"start":{"line":305,"column":0},"end":{"line":305,"column":42}},"305":{"start":{"line":306,"column":0},"end":{"line":306,"column":61}},"306":{"start":{"line":307,"column":0},"end":{"line":307,"column":47}},"307":{"start":{"line":308,"column":0},"end":{"line":308,"column":3}},"308":{"start":{"line":309,"column":0},"end":{"line":309,"column":0}},"309":{"start":{"line":310,"column":0},"end":{"line":310,"column":26}},"310":{"start":{"line":311,"column":0},"end":{"line":311,"column":10}},"311":{"start":{"line":312,"column":0},"end":{"line":312,"column":21}},"312":{"start":{"line":313,"column":0},"end":{"line":313,"column":13}},"313":{"start":{"line":314,"column":0},"end":{"line":314,"column":20}},"314":{"start":{"line":315,"column":0},"end":{"line":315,"column":6}},"315":{"start":{"line":316,"column":0},"end":{"line":316,"column":15}},"316":{"start":{"line":317,"column":0},"end":{"line":317,"column":19}},"317":{"start":{"line":318,"column":0},"end":{"line":318,"column":23}},"318":{"start":{"line":319,"column":0},"end":{"line":319,"column":6}},"319":{"start":{"line":320,"column":0},"end":{"line":320,"column":4}},"320":{"start":{"line":321,"column":0},"end":{"line":321,"column":1}},"321":{"start":{"line":322,"column":0},"end":{"line":322,"column":0}},"322":{"start":{"line":323,"column":0},"end":{"line":323,"column":3}},"323":{"start":{"line":324,"column":0},"end":{"line":324,"column":21}},"324":{"start":{"line":325,"column":0},"end":{"line":325,"column":3}},"325":{"start":{"line":326,"column":0},"end":{"line":326,"column":35}},"326":{"start":{"line":327,"column":0},"end":{"line":327,"column":23}},"327":{"start":{"line":328,"column":0},"end":{"line":328,"column":36}},"328":{"start":{"line":329,"column":0},"end":{"line":329,"column":18}},"329":{"start":{"line":330,"column":0},"end":{"line":330,"column":51}},"330":{"start":{"line":331,"column":0},"end":{"line":331,"column":49}},"331":{"start":{"line":332,"column":0},"end":{"line":332,"column":68}},"332":{"start":{"line":333,"column":0},"end":{"line":333,"column":1}},"333":{"start":{"line":334,"column":0},"end":{"line":334,"column":0}},"334":{"start":{"line":335,"column":0},"end":{"line":335,"column":3}},"335":{"start":{"line":336,"column":0},"end":{"line":336,"column":40}},"336":{"start":{"line":337,"column":0},"end":{"line":337,"column":3}},"337":{"start":{"line":338,"column":0},"end":{"line":338,"column":87}},"338":{"start":{"line":339,"column":0},"end":{"line":339,"column":43}},"339":{"start":{"line":340,"column":0},"end":{"line":340,"column":45}},"340":{"start":{"line":341,"column":0},"end":{"line":341,"column":0}},"341":{"start":{"line":342,"column":0},"end":{"line":342,"column":31}},"342":{"start":{"line":343,"column":0},"end":{"line":343,"column":32}},"343":{"start":{"line":344,"column":0},"end":{"line":344,"column":0}},"344":{"start":{"line":345,"column":0},"end":{"line":345,"column":45}},"345":{"start":{"line":346,"column":0},"end":{"line":346,"column":51}},"346":{"start":{"line":347,"column":0},"end":{"line":347,"column":45}},"347":{"start":{"line":348,"column":0},"end":{"line":348,"column":23}},"348":{"start":{"line":349,"column":0},"end":{"line":349,"column":7}},"349":{"start":{"line":350,"column":0},"end":{"line":350,"column":25}},"350":{"start":{"line":351,"column":0},"end":{"line":351,"column":34}},"351":{"start":{"line":352,"column":0},"end":{"line":352,"column":53}},"352":{"start":{"line":353,"column":0},"end":{"line":353,"column":8}},"353":{"start":{"line":354,"column":0},"end":{"line":354,"column":16}},"354":{"start":{"line":355,"column":0},"end":{"line":355,"column":6}},"355":{"start":{"line":356,"column":0},"end":{"line":356,"column":3}},"356":{"start":{"line":357,"column":0},"end":{"line":357,"column":1}},"357":{"start":{"line":358,"column":0},"end":{"line":358,"column":0}},"358":{"start":{"line":359,"column":0},"end":{"line":359,"column":79}},"359":{"start":{"line":360,"column":0},"end":{"line":360,"column":27}},"360":{"start":{"line":361,"column":0},"end":{"line":361,"column":79}},"361":{"start":{"line":362,"column":0},"end":{"line":362,"column":0}},"362":{"start":{"line":363,"column":0},"end":{"line":363,"column":3}},"363":{"start":{"line":364,"column":0},"end":{"line":364,"column":65}},"364":{"start":{"line":365,"column":0},"end":{"line":365,"column":3}},"365":{"start":{"line":366,"column":0},"end":{"line":366,"column":35}},"366":{"start":{"line":367,"column":0},"end":{"line":367,"column":20}},"367":{"start":{"line":368,"column":0},"end":{"line":368,"column":25}},"368":{"start":{"line":369,"column":0},"end":{"line":369,"column":23}},"369":{"start":{"line":370,"column":0},"end":{"line":370,"column":30}},"370":{"start":{"line":371,"column":0},"end":{"line":371,"column":18}},"371":{"start":{"line":372,"column":0},"end":{"line":372,"column":29}},"372":{"start":{"line":373,"column":0},"end":{"line":373,"column":62}},"373":{"start":{"line":374,"column":0},"end":{"line":374,"column":31}},"374":{"start":{"line":375,"column":0},"end":{"line":375,"column":45}},"375":{"start":{"line":376,"column":0},"end":{"line":376,"column":0}},"376":{"start":{"line":377,"column":0},"end":{"line":377,"column":19}},"377":{"start":{"line":378,"column":0},"end":{"line":378,"column":54}},"378":{"start":{"line":379,"column":0},"end":{"line":379,"column":50}},"379":{"start":{"line":380,"column":0},"end":{"line":380,"column":0}},"380":{"start":{"line":381,"column":0},"end":{"line":381,"column":40}},"381":{"start":{"line":382,"column":0},"end":{"line":382,"column":67}},"382":{"start":{"line":383,"column":0},"end":{"line":383,"column":7}},"383":{"start":{"line":384,"column":0},"end":{"line":384,"column":41}},"384":{"start":{"line":385,"column":0},"end":{"line":385,"column":43}},"385":{"start":{"line":386,"column":0},"end":{"line":386,"column":35}},"386":{"start":{"line":387,"column":0},"end":{"line":387,"column":5}},"387":{"start":{"line":388,"column":0},"end":{"line":388,"column":44}},"388":{"start":{"line":389,"column":0},"end":{"line":389,"column":11}},"389":{"start":{"line":390,"column":0},"end":{"line":390,"column":67}},"390":{"start":{"line":391,"column":0},"end":{"line":391,"column":3}},"391":{"start":{"line":392,"column":0},"end":{"line":392,"column":0}},"392":{"start":{"line":393,"column":0},"end":{"line":393,"column":21}},"393":{"start":{"line":394,"column":0},"end":{"line":394,"column":46}},"394":{"start":{"line":395,"column":0},"end":{"line":395,"column":0}},"395":{"start":{"line":396,"column":0},"end":{"line":396,"column":34}},"396":{"start":{"line":397,"column":0},"end":{"line":397,"column":34}},"397":{"start":{"line":398,"column":0},"end":{"line":398,"column":62}},"398":{"start":{"line":399,"column":0},"end":{"line":399,"column":0}},"399":{"start":{"line":400,"column":0},"end":{"line":400,"column":32}},"400":{"start":{"line":401,"column":0},"end":{"line":401,"column":72}},"401":{"start":{"line":402,"column":0},"end":{"line":402,"column":50}},"402":{"start":{"line":403,"column":0},"end":{"line":403,"column":14}},"403":{"start":{"line":404,"column":0},"end":{"line":404,"column":46}},"404":{"start":{"line":405,"column":0},"end":{"line":405,"column":43}},"405":{"start":{"line":406,"column":0},"end":{"line":406,"column":42}},"406":{"start":{"line":407,"column":0},"end":{"line":407,"column":40}},"407":{"start":{"line":408,"column":0},"end":{"line":408,"column":4}},"408":{"start":{"line":409,"column":0},"end":{"line":409,"column":0}},"409":{"start":{"line":410,"column":0},"end":{"line":410,"column":37}},"410":{"start":{"line":411,"column":0},"end":{"line":411,"column":1}},"411":{"start":{"line":412,"column":0},"end":{"line":412,"column":0}},"412":{"start":{"line":413,"column":0},"end":{"line":413,"column":3}},"413":{"start":{"line":414,"column":0},"end":{"line":414,"column":46}},"414":{"start":{"line":415,"column":0},"end":{"line":415,"column":3}},"415":{"start":{"line":416,"column":0},"end":{"line":416,"column":71}},"416":{"start":{"line":417,"column":0},"end":{"line":417,"column":27}},"417":{"start":{"line":418,"column":0},"end":{"line":418,"column":62}},"418":{"start":{"line":419,"column":0},"end":{"line":419,"column":38}},"419":{"start":{"line":420,"column":0},"end":{"line":420,"column":30}},"420":{"start":{"line":421,"column":0},"end":{"line":421,"column":3}},"421":{"start":{"line":422,"column":0},"end":{"line":422,"column":0}},"422":{"start":{"line":423,"column":0},"end":{"line":423,"column":19}},"423":{"start":{"line":424,"column":0},"end":{"line":424,"column":67}},"424":{"start":{"line":425,"column":0},"end":{"line":425,"column":41}},"425":{"start":{"line":426,"column":0},"end":{"line":426,"column":33}},"426":{"start":{"line":427,"column":0},"end":{"line":427,"column":3}},"427":{"start":{"line":428,"column":0},"end":{"line":428,"column":0}},"428":{"start":{"line":429,"column":0},"end":{"line":429,"column":21}},"429":{"start":{"line":430,"column":0},"end":{"line":430,"column":46}},"430":{"start":{"line":431,"column":0},"end":{"line":431,"column":36}},"431":{"start":{"line":432,"column":0},"end":{"line":432,"column":37}},"432":{"start":{"line":433,"column":0},"end":{"line":433,"column":1}},"433":{"start":{"line":434,"column":0},"end":{"line":434,"column":0}},"434":{"start":{"line":435,"column":0},"end":{"line":435,"column":79}},"435":{"start":{"line":436,"column":0},"end":{"line":436,"column":27}},"436":{"start":{"line":437,"column":0},"end":{"line":437,"column":79}},"437":{"start":{"line":438,"column":0},"end":{"line":438,"column":0}},"438":{"start":{"line":439,"column":0},"end":{"line":439,"column":32}},"439":{"start":{"line":440,"column":0},"end":{"line":440,"column":19}},"440":{"start":{"line":441,"column":0},"end":{"line":441,"column":25}},"441":{"start":{"line":442,"column":0},"end":{"line":442,"column":17}},"442":{"start":{"line":443,"column":0},"end":{"line":443,"column":32}},"443":{"start":{"line":444,"column":0},"end":{"line":444,"column":1}},"444":{"start":{"line":445,"column":0},"end":{"line":445,"column":0}},"445":{"start":{"line":446,"column":0},"end":{"line":446,"column":33}},"446":{"start":{"line":447,"column":0},"end":{"line":447,"column":22}},"447":{"start":{"line":448,"column":0},"end":{"line":448,"column":77}},"448":{"start":{"line":449,"column":0},"end":{"line":449,"column":1}},"449":{"start":{"line":450,"column":0},"end":{"line":450,"column":0}},"450":{"start":{"line":451,"column":0},"end":{"line":451,"column":3}},"451":{"start":{"line":452,"column":0},"end":{"line":452,"column":41}},"452":{"start":{"line":453,"column":0},"end":{"line":453,"column":2}},"453":{"start":{"line":454,"column":0},"end":{"line":454,"column":15}},"454":{"start":{"line":455,"column":0},"end":{"line":455,"column":49}},"455":{"start":{"line":456,"column":0},"end":{"line":456,"column":96}},"456":{"start":{"line":457,"column":0},"end":{"line":457,"column":3}},"457":{"start":{"line":458,"column":0},"end":{"line":458,"column":35}},"458":{"start":{"line":459,"column":0},"end":{"line":459,"column":23}},"459":{"start":{"line":460,"column":0},"end":{"line":460,"column":31}},"460":{"start":{"line":461,"column":0},"end":{"line":461,"column":30}},"461":{"start":{"line":462,"column":0},"end":{"line":462,"column":27}},"462":{"start":{"line":463,"column":0},"end":{"line":463,"column":68}},"463":{"start":{"line":464,"column":0},"end":{"line":464,"column":0}},"464":{"start":{"line":465,"column":0},"end":{"line":465,"column":7}},"465":{"start":{"line":466,"column":0},"end":{"line":466,"column":27}},"466":{"start":{"line":467,"column":0},"end":{"line":467,"column":69}},"467":{"start":{"line":468,"column":0},"end":{"line":468,"column":0}},"468":{"start":{"line":469,"column":0},"end":{"line":469,"column":25}},"469":{"start":{"line":470,"column":0},"end":{"line":470,"column":51}},"470":{"start":{"line":471,"column":0},"end":{"line":471,"column":48}},"471":{"start":{"line":472,"column":0},"end":{"line":472,"column":0}},"472":{"start":{"line":473,"column":0},"end":{"line":473,"column":28}},"473":{"start":{"line":474,"column":0},"end":{"line":474,"column":14}},"474":{"start":{"line":475,"column":0},"end":{"line":475,"column":23}},"475":{"start":{"line":476,"column":0},"end":{"line":476,"column":68}},"476":{"start":{"line":477,"column":0},"end":{"line":477,"column":8}},"477":{"start":{"line":478,"column":0},"end":{"line":478,"column":5}},"478":{"start":{"line":479,"column":0},"end":{"line":479,"column":0}},"479":{"start":{"line":480,"column":0},"end":{"line":480,"column":47}},"480":{"start":{"line":481,"column":0},"end":{"line":481,"column":49}},"481":{"start":{"line":482,"column":0},"end":{"line":482,"column":47}},"482":{"start":{"line":483,"column":0},"end":{"line":483,"column":35}},"483":{"start":{"line":484,"column":0},"end":{"line":484,"column":0}},"484":{"start":{"line":485,"column":0},"end":{"line":485,"column":29}},"485":{"start":{"line":486,"column":0},"end":{"line":486,"column":77}},"486":{"start":{"line":487,"column":0},"end":{"line":487,"column":33}},"487":{"start":{"line":488,"column":0},"end":{"line":488,"column":0}},"488":{"start":{"line":489,"column":0},"end":{"line":489,"column":23}},"489":{"start":{"line":490,"column":0},"end":{"line":490,"column":60}},"490":{"start":{"line":491,"column":0},"end":{"line":491,"column":57}},"491":{"start":{"line":492,"column":0},"end":{"line":492,"column":43}},"492":{"start":{"line":493,"column":0},"end":{"line":493,"column":0}},"493":{"start":{"line":494,"column":0},"end":{"line":494,"column":27}},"494":{"start":{"line":495,"column":0},"end":{"line":495,"column":52}},"495":{"start":{"line":496,"column":0},"end":{"line":496,"column":0}},"496":{"start":{"line":497,"column":0},"end":{"line":497,"column":39}},"497":{"start":{"line":498,"column":0},"end":{"line":498,"column":65}},"498":{"start":{"line":499,"column":0},"end":{"line":499,"column":42}},"499":{"start":{"line":500,"column":0},"end":{"line":500,"column":6}},"500":{"start":{"line":501,"column":0},"end":{"line":501,"column":0}},"501":{"start":{"line":502,"column":0},"end":{"line":502,"column":20}},"502":{"start":{"line":503,"column":0},"end":{"line":503,"column":44}},"503":{"start":{"line":504,"column":0},"end":{"line":504,"column":31}},"504":{"start":{"line":505,"column":0},"end":{"line":505,"column":37}},"505":{"start":{"line":506,"column":0},"end":{"line":506,"column":31}},"506":{"start":{"line":507,"column":0},"end":{"line":507,"column":67}},"507":{"start":{"line":508,"column":0},"end":{"line":508,"column":20}},"508":{"start":{"line":509,"column":0},"end":{"line":509,"column":44}},"509":{"start":{"line":510,"column":0},"end":{"line":510,"column":62}},"510":{"start":{"line":511,"column":0},"end":{"line":511,"column":6}},"511":{"start":{"line":512,"column":0},"end":{"line":512,"column":0}},"512":{"start":{"line":513,"column":0},"end":{"line":513,"column":51}},"513":{"start":{"line":514,"column":0},"end":{"line":514,"column":0}},"514":{"start":{"line":515,"column":0},"end":{"line":515,"column":30}},"515":{"start":{"line":516,"column":0},"end":{"line":516,"column":29}},"516":{"start":{"line":517,"column":0},"end":{"line":517,"column":61}},"517":{"start":{"line":518,"column":0},"end":{"line":518,"column":5}},"518":{"start":{"line":519,"column":0},"end":{"line":519,"column":38}},"519":{"start":{"line":520,"column":0},"end":{"line":520,"column":38}},"520":{"start":{"line":521,"column":0},"end":{"line":521,"column":5}},"521":{"start":{"line":522,"column":0},"end":{"line":522,"column":0}},"522":{"start":{"line":523,"column":0},"end":{"line":523,"column":51}},"523":{"start":{"line":524,"column":0},"end":{"line":524,"column":49}},"524":{"start":{"line":525,"column":0},"end":{"line":525,"column":49}},"525":{"start":{"line":526,"column":0},"end":{"line":526,"column":7}},"526":{"start":{"line":527,"column":0},"end":{"line":527,"column":78}},"527":{"start":{"line":528,"column":0},"end":{"line":528,"column":69}},"528":{"start":{"line":529,"column":0},"end":{"line":529,"column":7}},"529":{"start":{"line":530,"column":0},"end":{"line":530,"column":5}},"530":{"start":{"line":531,"column":0},"end":{"line":531,"column":0}},"531":{"start":{"line":532,"column":0},"end":{"line":532,"column":45}},"532":{"start":{"line":533,"column":0},"end":{"line":533,"column":0}},"533":{"start":{"line":534,"column":0},"end":{"line":534,"column":47}},"534":{"start":{"line":535,"column":0},"end":{"line":535,"column":50}},"535":{"start":{"line":536,"column":0},"end":{"line":536,"column":47}},"536":{"start":{"line":537,"column":0},"end":{"line":537,"column":36}},"537":{"start":{"line":538,"column":0},"end":{"line":538,"column":0}},"538":{"start":{"line":539,"column":0},"end":{"line":539,"column":21}},"539":{"start":{"line":540,"column":0},"end":{"line":540,"column":11}},"540":{"start":{"line":541,"column":0},"end":{"line":541,"column":37}},"541":{"start":{"line":542,"column":0},"end":{"line":542,"column":74}},"542":{"start":{"line":543,"column":0},"end":{"line":543,"column":0}},"543":{"start":{"line":544,"column":0},"end":{"line":544,"column":45}},"544":{"start":{"line":545,"column":0},"end":{"line":545,"column":93}},"545":{"start":{"line":546,"column":0},"end":{"line":546,"column":35}},"546":{"start":{"line":547,"column":0},"end":{"line":547,"column":23}},"547":{"start":{"line":548,"column":0},"end":{"line":548,"column":77}},"548":{"start":{"line":549,"column":0},"end":{"line":549,"column":95}},"549":{"start":{"line":550,"column":0},"end":{"line":550,"column":7}},"550":{"start":{"line":551,"column":0},"end":{"line":551,"column":5}},"551":{"start":{"line":552,"column":0},"end":{"line":552,"column":0}},"552":{"start":{"line":553,"column":0},"end":{"line":553,"column":12}},"553":{"start":{"line":554,"column":0},"end":{"line":554,"column":20}},"554":{"start":{"line":555,"column":0},"end":{"line":555,"column":28}},"555":{"start":{"line":556,"column":0},"end":{"line":556,"column":26}},"556":{"start":{"line":557,"column":0},"end":{"line":557,"column":6}},"557":{"start":{"line":558,"column":0},"end":{"line":558,"column":19}},"558":{"start":{"line":559,"column":0},"end":{"line":559,"column":12}},"559":{"start":{"line":560,"column":0},"end":{"line":560,"column":21}},"560":{"start":{"line":561,"column":0},"end":{"line":561,"column":68}},"561":{"start":{"line":562,"column":0},"end":{"line":562,"column":6}},"562":{"start":{"line":563,"column":0},"end":{"line":563,"column":3}},"563":{"start":{"line":564,"column":0},"end":{"line":564,"column":1}},"564":{"start":{"line":565,"column":0},"end":{"line":565,"column":0}},"565":{"start":{"line":566,"column":0},"end":{"line":566,"column":32}},"566":{"start":{"line":567,"column":0},"end":{"line":567,"column":22}},"567":{"start":{"line":568,"column":0},"end":{"line":568,"column":83}},"568":{"start":{"line":569,"column":0},"end":{"line":569,"column":1}},"569":{"start":{"line":570,"column":0},"end":{"line":570,"column":0}},"570":{"start":{"line":571,"column":0},"end":{"line":571,"column":3}},"571":{"start":{"line":572,"column":0},"end":{"line":572,"column":28}},"572":{"start":{"line":573,"column":0},"end":{"line":573,"column":2}},"573":{"start":{"line":574,"column":0},"end":{"line":574,"column":16}},"574":{"start":{"line":575,"column":0},"end":{"line":575,"column":36}},"575":{"start":{"line":576,"column":0},"end":{"line":576,"column":68}},"576":{"start":{"line":577,"column":0},"end":{"line":577,"column":3}},"577":{"start":{"line":578,"column":0},"end":{"line":578,"column":34}},"578":{"start":{"line":579,"column":0},"end":{"line":579,"column":20}},"579":{"start":{"line":580,"column":0},"end":{"line":580,"column":29}},"580":{"start":{"line":581,"column":0},"end":{"line":581,"column":21}},"581":{"start":{"line":582,"column":0},"end":{"line":582,"column":68}},"582":{"start":{"line":583,"column":0},"end":{"line":583,"column":0}},"583":{"start":{"line":584,"column":0},"end":{"line":584,"column":50}},"584":{"start":{"line":585,"column":0},"end":{"line":585,"column":0}},"585":{"start":{"line":586,"column":0},"end":{"line":586,"column":19}},"586":{"start":{"line":587,"column":0},"end":{"line":587,"column":86}},"587":{"start":{"line":588,"column":0},"end":{"line":588,"column":26}},"588":{"start":{"line":589,"column":0},"end":{"line":589,"column":17}},"589":{"start":{"line":590,"column":0},"end":{"line":590,"column":3}},"590":{"start":{"line":591,"column":0},"end":{"line":591,"column":0}},"591":{"start":{"line":592,"column":0},"end":{"line":592,"column":25}},"592":{"start":{"line":593,"column":0},"end":{"line":593,"column":50}},"593":{"start":{"line":594,"column":0},"end":{"line":594,"column":0}},"594":{"start":{"line":595,"column":0},"end":{"line":595,"column":33}},"595":{"start":{"line":596,"column":0},"end":{"line":596,"column":36}},"596":{"start":{"line":597,"column":0},"end":{"line":597,"column":68}},"597":{"start":{"line":598,"column":0},"end":{"line":598,"column":87}},"598":{"start":{"line":599,"column":0},"end":{"line":599,"column":30}},"599":{"start":{"line":600,"column":0},"end":{"line":600,"column":8}},"600":{"start":{"line":601,"column":0},"end":{"line":601,"column":30}},"601":{"start":{"line":602,"column":0},"end":{"line":602,"column":61}},"602":{"start":{"line":603,"column":0},"end":{"line":603,"column":51}},"603":{"start":{"line":604,"column":0},"end":{"line":604,"column":7}},"604":{"start":{"line":605,"column":0},"end":{"line":605,"column":5}},"605":{"start":{"line":606,"column":0},"end":{"line":606,"column":3}},"606":{"start":{"line":607,"column":0},"end":{"line":607,"column":0}},"607":{"start":{"line":608,"column":0},"end":{"line":608,"column":43}},"608":{"start":{"line":609,"column":0},"end":{"line":609,"column":0}},"609":{"start":{"line":610,"column":0},"end":{"line":610,"column":47}},"610":{"start":{"line":611,"column":0},"end":{"line":611,"column":66}},"611":{"start":{"line":612,"column":0},"end":{"line":612,"column":38}},"612":{"start":{"line":613,"column":0},"end":{"line":613,"column":30}},"613":{"start":{"line":614,"column":0},"end":{"line":614,"column":3}},"614":{"start":{"line":615,"column":0},"end":{"line":615,"column":0}},"615":{"start":{"line":616,"column":0},"end":{"line":616,"column":40}},"616":{"start":{"line":617,"column":0},"end":{"line":617,"column":19}},"617":{"start":{"line":618,"column":0},"end":{"line":618,"column":9}},"618":{"start":{"line":619,"column":0},"end":{"line":619,"column":44}},"619":{"start":{"line":620,"column":0},"end":{"line":620,"column":13}},"620":{"start":{"line":621,"column":0},"end":{"line":621,"column":40}},"621":{"start":{"line":622,"column":0},"end":{"line":622,"column":5}},"622":{"start":{"line":623,"column":0},"end":{"line":623,"column":3}},"623":{"start":{"line":624,"column":0},"end":{"line":624,"column":0}},"624":{"start":{"line":625,"column":0},"end":{"line":625,"column":14}},"625":{"start":{"line":626,"column":0},"end":{"line":626,"column":1}},"626":{"start":{"line":627,"column":0},"end":{"line":627,"column":0}},"627":{"start":{"line":628,"column":0},"end":{"line":628,"column":3}},"628":{"start":{"line":629,"column":0},"end":{"line":629,"column":24}},"629":{"start":{"line":630,"column":0},"end":{"line":630,"column":3}},"630":{"start":{"line":631,"column":0},"end":{"line":631,"column":42}},"631":{"start":{"line":632,"column":0},"end":{"line":632,"column":36}},"632":{"start":{"line":633,"column":0},"end":{"line":633,"column":30}},"633":{"start":{"line":634,"column":0},"end":{"line":634,"column":50}},"634":{"start":{"line":635,"column":0},"end":{"line":635,"column":35}},"635":{"start":{"line":636,"column":0},"end":{"line":636,"column":1}}},"s":{"0":1,"1":1,"2":1,"3":1,"4":1,"5":1,"6":1,"7":1,"8":1,"9":1,"10":1,"11":1,"12":1,"13":1,"14":1,"15":1,"16":1,"17":1,"18":1,"19":1,"20":309,"21":309,"22":1,"23":1,"24":1,"25":1,"26":1,"27":57,"28":57,"29":1,"30":1,"31":1,"32":1,"33":1,"34":19,"35":19,"36":1,"37":1,"38":1,"39":1,"40":1,"41":32,"42":32,"43":1,"44":1,"45":1,"46":1,"47":1,"48":31,"49":31,"50":1,"51":1,"52":1,"53":1,"54":1,"55":37,"56":37,"57":1,"58":1,"59":1,"60":1,"61":1,"62":88,"63":88,"64":1,"65":1,"66":1,"67":1,"68":1,"69":1,"70":1,"71":1,"72":1,"73":1,"74":1,"75":1,"76":1,"77":1,"78":1,"79":1,"80":1,"81":1,"82":1,"83":1,"84":1,"85":1,"86":1,"87":18,"88":18,"89":18,"90":18,"91":6,"92":6,"93":6,"94":12,"95":12,"96":12,"97":12,"98":12,"99":12,"100":1,"101":1,"102":1,"103":1,"104":18,"105":18,"106":18,"107":18,"108":18,"109":1,"110":1,"111":1,"112":1,"113":1,"114":1,"115":1,"116":1,"117":1,"118":31,"119":31,"120":31,"121":31,"122":31,"123":31,"124":31,"125":31,"126":31,"127":6,"128":6,"129":31,"130":31,"131":31,"132":31,"133":31,"134":31,"135":31,"136":31,"137":31,"138":31,"139":31,"140":31,"141":31,"142":31,"143":31,"144":31,"145":31,"146":31,"147":31,"148":31,"149":21,"150":20,"151":20,"152":20,"153":20,"154":20,"155":21,"156":13,"157":13,"158":13,"159":13,"160":13,"161":21,"162":31,"163":31,"164":31,"165":11,"166":11,"167":11,"168":11,"169":11,"170":11,"171":11,"172":11,"173":11,"174":11,"175":11,"176":11,"177":11,"178":11,"179":11,"180":11,"181":11,"182":11,"183":2,"184":2,"185":2,"186":2,"187":2,"188":2,"189":2,"190":2,"191":11,"192":31,"193":31,"194":31,"195":1,"196":1,"197":1,"198":1,"199":1,"200":1,"201":1,"202":31,"203":31,"204":31,"205":6,"206":6,"207":6,"208":6,"209":8,"210":8,"211":8,"212":8,"213":8,"214":8,"215":8,"216":8,"217":6,"218":6,"219":6,"220":8,"221":8,"222":6,"223":6,"224":6,"225":6,"226":6,"227":6,"228":6,"229":6,"230":8,"231":8,"232":4,"233":4,"234":4,"235":4,"236":4,"237":4,"238":4,"239":8,"240":8,"241":1,"242":1,"243":1,"244":8,"245":6,"246":31,"247":31,"248":31,"249":4,"250":4,"251":4,"252":4,"253":4,"254":4,"255":4,"256":4,"257":4,"258":4,"259":4,"260":4,"261":8,"262":8,"263":4,"264":4,"265":4,"266":4,"267":4,"268":31,"269":31,"270":31,"271":1,"272":1,"273":1,"274":2,"275":1,"276":1,"277":1,"278":1,"279":1,"280":1,"281":1,"282":31,"283":31,"284":31,"285":31,"286":31,"287":31,"288":31,"289":31,"290":1,"291":1,"292":1,"293":1,"294":1,"295":168,"296":168,"297":1,"298":1,"299":1,"300":1,"301":45,"302":45,"303":45,"304":45,"305":37,"306":37,"307":37,"308":8,"309":8,"310":8,"311":8,"312":8,"313":8,"314":8,"315":8,"316":8,"317":8,"318":8,"319":8,"320":8,"321":1,"322":1,"323":1,"324":1,"325":70,"326":70,"327":70,"328":70,"329":70,"330":70,"331":70,"332":70,"333":1,"334":1,"335":1,"336":1,"337":51,"338":51,"339":51,"340":51,"341":51,"342":51,"343":51,"344":51,"345":51,"346":51,"347":30,"348":30,"349":30,"350":30,"351":30,"352":30,"353":30,"354":30,"355":30,"356":51,"357":1,"358":1,"359":1,"360":1,"361":1,"362":1,"363":1,"364":1,"365":12,"366":12,"367":12,"368":12,"369":12,"370":12,"371":12,"372":12,"373":12,"374":12,"375":12,"376":12,"377":12,"378":12,"379":12,"380":12,"381":12,"382":12,"383":12,"384":12,"385":0,"386":0,"387":12,"388":12,"389":0,"390":0,"391":12,"392":12,"393":12,"394":12,"395":12,"396":6,"397":6,"398":12,"399":12,"400":12,"401":12,"402":12,"403":12,"404":12,"405":12,"406":12,"407":12,"408":12,"409":12,"410":12,"411":1,"412":1,"413":1,"414":1,"415":6,"416":6,"417":6,"418":6,"419":6,"420":6,"421":6,"422":6,"423":6,"424":6,"425":5,"426":5,"427":6,"428":6,"429":6,"430":6,"431":6,"432":6,"433":1,"434":1,"435":1,"436":1,"437":1,"438":1,"439":1,"440":1,"441":1,"442":1,"443":1,"444":1,"445":1,"446":1,"447":1,"448":1,"449":1,"450":1,"451":1,"452":1,"453":1,"454":1,"455":1,"456":1,"457":27,"458":27,"459":27,"460":27,"461":27,"462":27,"463":27,"464":27,"465":27,"466":27,"467":26,"468":26,"469":26,"470":26,"471":26,"472":27,"473":2,"474":2,"475":2,"476":2,"477":2,"478":24,"479":24,"480":24,"481":24,"482":24,"483":24,"484":24,"485":24,"486":24,"487":24,"488":24,"489":24,"490":24,"491":24,"492":24,"493":24,"494":24,"495":24,"496":24,"497":24,"498":24,"499":24,"500":24,"501":24,"502":24,"503":24,"504":24,"505":24,"506":24,"507":24,"508":24,"509":24,"510":24,"511":24,"512":24,"513":24,"514":24,"515":27,"516":0,"517":0,"518":27,"519":0,"520":0,"521":24,"522":27,"523":46,"524":42,"525":42,"526":46,"527":44,"528":44,"529":46,"530":24,"531":24,"532":24,"533":24,"534":24,"535":24,"536":24,"537":24,"538":27,"539":12,"540":12,"541":12,"542":12,"543":12,"544":12,"545":12,"546":12,"547":0,"548":0,"549":0,"550":12,"551":24,"552":24,"553":24,"554":24,"555":24,"556":24,"557":27,"558":1,"559":1,"560":1,"561":1,"562":1,"563":27,"564":1,"565":1,"566":1,"567":1,"568":1,"569":1,"570":1,"571":1,"572":1,"573":1,"574":1,"575":1,"576":1,"577":13,"578":13,"579":13,"580":13,"581":13,"582":13,"583":13,"584":13,"585":13,"586":13,"587":13,"588":2,"589":2,"590":11,"591":11,"592":11,"593":11,"594":11,"595":13,"596":11,"597":15,"598":15,"599":15,"600":15,"601":15,"602":12,"603":12,"604":15,"605":11,"606":11,"607":11,"608":11,"609":11,"610":11,"611":11,"612":11,"613":11,"614":11,"615":11,"616":13,"617":6,"618":6,"619":6,"620":0,"621":0,"622":6,"623":11,"624":11,"625":11,"626":1,"627":1,"628":1,"629":1,"630":5,"631":5,"632":5,"633":5,"634":5,"635":5},"branchMap":{"0":{"type":"branch","line":20,"loc":{"start":{"line":20,"column":7},"end":{"line":22,"column":1}},"locations":[{"start":{"line":20,"column":7},"end":{"line":22,"column":1}}]},"1":{"type":"branch","line":27,"loc":{"start":{"line":27,"column":7},"end":{"line":29,"column":1}},"locations":[{"start":{"line":27,"column":7},"end":{"line":29,"column":1}}]},"2":{"type":"branch","line":34,"loc":{"start":{"line":34,"column":7},"end":{"line":36,"column":1}},"locations":[{"start":{"line":34,"column":7},"end":{"line":36,"column":1}}]},"3":{"type":"branch","line":41,"loc":{"start":{"line":41,"column":7},"end":{"line":43,"column":1}},"locations":[{"start":{"line":41,"column":7},"end":{"line":43,"column":1}}]},"4":{"type":"branch","line":48,"loc":{"start":{"line":48,"column":7},"end":{"line":50,"column":1}},"locations":[{"start":{"line":48,"column":7},"end":{"line":50,"column":1}}]},"5":{"type":"branch","line":55,"loc":{"start":{"line":55,"column":7},"end":{"line":57,"column":1}},"locations":[{"start":{"line":55,"column":7},"end":{"line":57,"column":1}}]},"6":{"type":"branch","line":62,"loc":{"start":{"line":62,"column":7},"end":{"line":64,"column":1}},"locations":[{"start":{"line":62,"column":7},"end":{"line":64,"column":1}}]},"7":{"type":"branch","line":88,"loc":{"start":{"line":88,"column":0},"end":{"line":100,"column":1}},"locations":[{"start":{"line":88,"column":0},"end":{"line":100,"column":1}}]},"8":{"type":"branch","line":91,"loc":{"start":{"line":91,"column":37},"end":{"line":94,"column":3}},"locations":[{"start":{"line":91,"column":37},"end":{"line":94,"column":3}}]},"9":{"type":"branch","line":94,"loc":{"start":{"line":94,"column":2},"end":{"line":100,"column":1}},"locations":[{"start":{"line":94,"column":2},"end":{"line":100,"column":1}}]},"10":{"type":"branch","line":105,"loc":{"start":{"line":105,"column":0},"end":{"line":109,"column":1}},"locations":[{"start":{"line":105,"column":0},"end":{"line":109,"column":1}}]},"11":{"type":"branch","line":118,"loc":{"start":{"line":118,"column":7},"end":{"line":290,"column":1}},"locations":[{"start":{"line":118,"column":7},"end":{"line":290,"column":1}}]},"12":{"type":"branch","line":124,"loc":{"start":{"line":124,"column":40},"end":{"line":124,"column":80}},"locations":[{"start":{"line":124,"column":40},"end":{"line":124,"column":80}}]},"13":{"type":"branch","line":127,"loc":{"start":{"line":127,"column":26},"end":{"line":127,"column":51}},"locations":[{"start":{"line":127,"column":26},"end":{"line":127,"column":51}}]},"14":{"type":"branch","line":127,"loc":{"start":{"line":127,"column":51},"end":{"line":129,"column":3}},"locations":[{"start":{"line":127,"column":51},"end":{"line":129,"column":3}}]},"15":{"type":"branch","line":145,"loc":{"start":{"line":145,"column":24},"end":{"line":145,"column":64}},"locations":[{"start":{"line":145,"column":24},"end":{"line":145,"column":64}}]},"16":{"type":"branch","line":149,"loc":{"start":{"line":149,"column":22},"end":{"line":162,"column":3}},"locations":[{"start":{"line":149,"column":22},"end":{"line":162,"column":3}}]},"17":{"type":"branch","line":150,"loc":{"start":{"line":150,"column":23},"end":{"line":150,"column":41}},"locations":[{"start":{"line":150,"column":23},"end":{"line":150,"column":41}}]},"18":{"type":"branch","line":150,"loc":{"start":{"line":150,"column":41},"end":{"line":155,"column":5}},"locations":[{"start":{"line":150,"column":41},"end":{"line":155,"column":5}}]},"19":{"type":"branch","line":156,"loc":{"start":{"line":156,"column":23},"end":{"line":156,"column":40}},"locations":[{"start":{"line":156,"column":23},"end":{"line":156,"column":40}}]},"20":{"type":"branch","line":156,"loc":{"start":{"line":156,"column":40},"end":{"line":161,"column":5}},"locations":[{"start":{"line":156,"column":40},"end":{"line":161,"column":5}}]},"21":{"type":"branch","line":165,"loc":{"start":{"line":165,"column":25},"end":{"line":192,"column":3}},"locations":[{"start":{"line":165,"column":25},"end":{"line":192,"column":3}}]},"22":{"type":"branch","line":183,"loc":{"start":{"line":183,"column":26},"end":{"line":183,"column":42}},"locations":[{"start":{"line":183,"column":26},"end":{"line":183,"column":42}}]},"23":{"type":"branch","line":183,"loc":{"start":{"line":183,"column":42},"end":{"line":191,"column":5}},"locations":[{"start":{"line":183,"column":42},"end":{"line":191,"column":5}}]},"24":{"type":"branch","line":195,"loc":{"start":{"line":195,"column":12},"end":{"line":195,"column":31}},"locations":[{"start":{"line":195,"column":12},"end":{"line":195,"column":31}}]},"25":{"type":"branch","line":195,"loc":{"start":{"line":195,"column":31},"end":{"line":202,"column":3}},"locations":[{"start":{"line":195,"column":31},"end":{"line":202,"column":3}}]},"26":{"type":"branch","line":205,"loc":{"start":{"line":205,"column":12},"end":{"line":205,"column":64}},"locations":[{"start":{"line":205,"column":12},"end":{"line":205,"column":64}}]},"27":{"type":"branch","line":205,"loc":{"start":{"line":205,"column":64},"end":{"line":246,"column":3}},"locations":[{"start":{"line":205,"column":64},"end":{"line":246,"column":3}}]},"28":{"type":"branch","line":209,"loc":{"start":{"line":209,"column":65},"end":{"line":245,"column":5}},"locations":[{"start":{"line":209,"column":65},"end":{"line":245,"column":5}}]},"29":{"type":"branch","line":217,"loc":{"start":{"line":217,"column":27},"end":{"line":220,"column":7}},"locations":[{"start":{"line":217,"column":27},"end":{"line":220,"column":7}}]},"30":{"type":"branch","line":222,"loc":{"start":{"line":222,"column":14},"end":{"line":222,"column":28}},"locations":[{"start":{"line":222,"column":14},"end":{"line":222,"column":28}}]},"31":{"type":"branch","line":222,"loc":{"start":{"line":222,"column":28},"end":{"line":230,"column":7}},"locations":[{"start":{"line":222,"column":28},"end":{"line":230,"column":7}}]},"32":{"type":"branch","line":232,"loc":{"start":{"line":232,"column":14},"end":{"line":232,"column":29}},"locations":[{"start":{"line":232,"column":14},"end":{"line":232,"column":29}}]},"33":{"type":"branch","line":232,"loc":{"start":{"line":232,"column":29},"end":{"line":239,"column":7}},"locations":[{"start":{"line":232,"column":29},"end":{"line":239,"column":7}}]},"34":{"type":"branch","line":241,"loc":{"start":{"line":241,"column":20},"end":{"line":244,"column":7}},"locations":[{"start":{"line":241,"column":20},"end":{"line":244,"column":7}}]},"35":{"type":"branch","line":249,"loc":{"start":{"line":249,"column":12},"end":{"line":249,"column":66}},"locations":[{"start":{"line":249,"column":12},"end":{"line":249,"column":66}}]},"36":{"type":"branch","line":249,"loc":{"start":{"line":249,"column":66},"end":{"line":268,"column":3}},"locations":[{"start":{"line":249,"column":66},"end":{"line":268,"column":3}}]},"37":{"type":"branch","line":271,"loc":{"start":{"line":271,"column":12},"end":{"line":271,"column":29}},"locations":[{"start":{"line":271,"column":12},"end":{"line":271,"column":29}}]},"38":{"type":"branch","line":271,"loc":{"start":{"line":271,"column":29},"end":{"line":282,"column":3}},"locations":[{"start":{"line":271,"column":29},"end":{"line":282,"column":3}}]},"39":{"type":"branch","line":141,"loc":{"start":{"line":141,"column":9},"end":{"line":141,"column":54}},"locations":[{"start":{"line":141,"column":9},"end":{"line":141,"column":54}}]},"40":{"type":"branch","line":159,"loc":{"start":{"line":159,"column":37},"end":{"line":159,"column":74}},"locations":[{"start":{"line":159,"column":37},"end":{"line":159,"column":74}}]},"41":{"type":"branch","line":172,"loc":{"start":{"line":172,"column":38},"end":{"line":172,"column":65}},"locations":[{"start":{"line":172,"column":38},"end":{"line":172,"column":65}}]},"42":{"type":"branch","line":179,"loc":{"start":{"line":179,"column":39},"end":{"line":179,"column":66}},"locations":[{"start":{"line":179,"column":39},"end":{"line":179,"column":66}}]},"43":{"type":"branch","line":186,"loc":{"start":{"line":186,"column":39},"end":{"line":189,"column":7}},"locations":[{"start":{"line":186,"column":39},"end":{"line":189,"column":7}}]},"44":{"type":"branch","line":187,"loc":{"start":{"line":187,"column":45},"end":{"line":187,"column":53}},"locations":[{"start":{"line":187,"column":45},"end":{"line":187,"column":53}}]},"45":{"type":"branch","line":198,"loc":{"start":{"line":198,"column":28},"end":{"line":200,"column":5}},"locations":[{"start":{"line":198,"column":28},"end":{"line":200,"column":5}}]},"46":{"type":"branch","line":224,"loc":{"start":{"line":224,"column":25},"end":{"line":228,"column":9}},"locations":[{"start":{"line":224,"column":25},"end":{"line":228,"column":9}}]},"47":{"type":"branch","line":225,"loc":{"start":{"line":225,"column":37},"end":{"line":225,"column":56}},"locations":[{"start":{"line":225,"column":37},"end":{"line":225,"column":56}}]},"48":{"type":"branch","line":226,"loc":{"start":{"line":226,"column":27},"end":{"line":226,"column":67}},"locations":[{"start":{"line":226,"column":27},"end":{"line":226,"column":67}}]},"49":{"type":"branch","line":226,"loc":{"start":{"line":226,"column":62},"end":{"line":226,"column":70}},"locations":[{"start":{"line":226,"column":62},"end":{"line":226,"column":70}}]},"50":{"type":"branch","line":234,"loc":{"start":{"line":234,"column":26},"end":{"line":237,"column":9}},"locations":[{"start":{"line":234,"column":26},"end":{"line":237,"column":9}}]},"51":{"type":"branch","line":235,"loc":{"start":{"line":235,"column":50},"end":{"line":235,"column":60}},"locations":[{"start":{"line":235,"column":50},"end":{"line":235,"column":60}}]},"52":{"type":"branch","line":236,"loc":{"start":{"line":236,"column":57},"end":{"line":236,"column":77}},"locations":[{"start":{"line":236,"column":57},"end":{"line":236,"column":77}}]},"53":{"type":"branch","line":261,"loc":{"start":{"line":261,"column":25},"end":{"line":264,"column":9}},"locations":[{"start":{"line":261,"column":25},"end":{"line":264,"column":9}}]},"54":{"type":"branch","line":262,"loc":{"start":{"line":262,"column":28},"end":{"line":262,"column":55}},"locations":[{"start":{"line":262,"column":28},"end":{"line":262,"column":55}}]},"55":{"type":"branch","line":262,"loc":{"start":{"line":262,"column":50},"end":{"line":262,"column":58}},"locations":[{"start":{"line":262,"column":50},"end":{"line":262,"column":58}}]},"56":{"type":"branch","line":274,"loc":{"start":{"line":274,"column":26},"end":{"line":280,"column":5}},"locations":[{"start":{"line":274,"column":26},"end":{"line":280,"column":5}}]},"57":{"type":"branch","line":275,"loc":{"start":{"line":275,"column":19},"end":{"line":279,"column":7}},"locations":[{"start":{"line":275,"column":19},"end":{"line":279,"column":7}}]},"58":{"type":"branch","line":295,"loc":{"start":{"line":295,"column":7},"end":{"line":297,"column":1}},"locations":[{"start":{"line":295,"column":7},"end":{"line":297,"column":1}}]},"59":{"type":"branch","line":302,"loc":{"start":{"line":302,"column":0},"end":{"line":321,"column":1}},"locations":[{"start":{"line":302,"column":0},"end":{"line":321,"column":1}}]},"60":{"type":"branch","line":305,"loc":{"start":{"line":305,"column":41},"end":{"line":308,"column":3}},"locations":[{"start":{"line":305,"column":41},"end":{"line":308,"column":3}}]},"61":{"type":"branch","line":308,"loc":{"start":{"line":308,"column":2},"end":{"line":321,"column":1}},"locations":[{"start":{"line":308,"column":2},"end":{"line":321,"column":1}}]},"62":{"type":"branch","line":326,"loc":{"start":{"line":326,"column":0},"end":{"line":333,"column":1}},"locations":[{"start":{"line":326,"column":0},"end":{"line":333,"column":1}}]},"63":{"type":"branch","line":338,"loc":{"start":{"line":338,"column":0},"end":{"line":357,"column":1}},"locations":[{"start":{"line":338,"column":0},"end":{"line":357,"column":1}}]},"64":{"type":"branch","line":347,"loc":{"start":{"line":347,"column":44},"end":{"line":356,"column":3}},"locations":[{"start":{"line":347,"column":44},"end":{"line":356,"column":3}}]},"65":{"type":"branch","line":366,"loc":{"start":{"line":366,"column":0},"end":{"line":411,"column":1}},"locations":[{"start":{"line":366,"column":0},"end":{"line":411,"column":1}}]},"66":{"type":"branch","line":385,"loc":{"start":{"line":385,"column":42},"end":{"line":387,"column":5}},"locations":[{"start":{"line":385,"column":42},"end":{"line":387,"column":5}}]},"67":{"type":"branch","line":389,"loc":{"start":{"line":389,"column":2},"end":{"line":391,"column":3}},"locations":[{"start":{"line":389,"column":2},"end":{"line":391,"column":3}}]},"68":{"type":"branch","line":396,"loc":{"start":{"line":396,"column":27},"end":{"line":397,"column":34}},"locations":[{"start":{"line":396,"column":27},"end":{"line":397,"column":34}}]},"69":{"type":"branch","line":397,"loc":{"start":{"line":397,"column":32},"end":{"line":398,"column":62}},"locations":[{"start":{"line":397,"column":32},"end":{"line":398,"column":62}}]},"70":{"type":"branch","line":401,"loc":{"start":{"line":401,"column":19},"end":{"line":401,"column":39}},"locations":[{"start":{"line":401,"column":19},"end":{"line":401,"column":39}}]},"71":{"type":"branch","line":401,"loc":{"start":{"line":401,"column":29},"end":{"line":401,"column":72}},"locations":[{"start":{"line":401,"column":29},"end":{"line":401,"column":72}}]},"72":{"type":"branch","line":402,"loc":{"start":{"line":402,"column":23},"end":{"line":402,"column":43}},"locations":[{"start":{"line":402,"column":23},"end":{"line":402,"column":43}}]},"73":{"type":"branch","line":402,"loc":{"start":{"line":402,"column":33},"end":{"line":402,"column":50}},"locations":[{"start":{"line":402,"column":33},"end":{"line":402,"column":50}}]},"74":{"type":"branch","line":416,"loc":{"start":{"line":416,"column":0},"end":{"line":433,"column":1}},"locations":[{"start":{"line":416,"column":0},"end":{"line":433,"column":1}}]},"75":{"type":"branch","line":425,"loc":{"start":{"line":425,"column":40},"end":{"line":427,"column":3}},"locations":[{"start":{"line":425,"column":40},"end":{"line":427,"column":3}}]},"76":{"type":"branch","line":458,"loc":{"start":{"line":458,"column":0},"end":{"line":564,"column":1}},"locations":[{"start":{"line":458,"column":0},"end":{"line":564,"column":1}}]},"77":{"type":"branch","line":467,"loc":{"start":{"line":467,"column":67},"end":{"line":473,"column":27}},"locations":[{"start":{"line":467,"column":67},"end":{"line":473,"column":27}}]},"78":{"type":"branch","line":473,"loc":{"start":{"line":473,"column":27},"end":{"line":478,"column":5}},"locations":[{"start":{"line":473,"column":27},"end":{"line":478,"column":5}}]},"79":{"type":"branch","line":478,"loc":{"start":{"line":478,"column":4},"end":{"line":
[...]
lumn":0},"end":{"line":161,"column":42}},"161":{"start":{"line":162,"column":0},"end":{"line":162,"column":14}},"162":{"start":{"line":163,"column":0},"end":{"line":163,"column":12}},"163":{"start":{"line":164,"column":0},"end":{"line":164,"column":10}},"164":{"start":{"line":165,"column":0},"end":{"line":165,"column":36}},"165":{"start":{"line":166,"column":0},"end":{"line":166,"column":8}},"166":{"start":{"line":167,"column":0},"end":{"line":167,"column":6}},"167":{"start":{"line":168,"column":0},"end":{"line":168,"column":15}},"168":{"start":{"line":169,"column":0},"end":{"line":169,"column":21}},"169":{"start":{"line":170,"column":0},"end":{"line":170,"column":33}},"170":{"start":{"line":171,"column":0},"end":{"line":171,"column":19}},"171":{"start":{"line":172,"column":0},"end":{"line":172,"column":33}},"172":{"start":{"line":173,"column":0},"end":{"line":173,"column":33}},"173":{"start":{"line":174,"column":0},"end":{"line":174,"column":38}},"174":{"start":{"line":175,"column":0},"end":{"line":175,"column":20}},"175":{"start":{"line":176,"column":0},"end":{"line":176,"column":40}},"176":{"start":{"line":177,"column":0},"end":{"line":177,"column":61}},"177":{"start":{"line":178,"column":0},"end":{"line":178,"column":8}},"178":{"start":{"line":179,"column":0},"end":{"line":179,"column":6}},"179":{"start":{"line":180,"column":0},"end":{"line":180,"column":11}},"180":{"start":{"line":181,"column":0},"end":{"line":181,"column":21}},"181":{"start":{"line":182,"column":0},"end":{"line":182,"column":33}},"182":{"start":{"line":183,"column":0},"end":{"line":183,"column":19}},"183":{"start":{"line":184,"column":0},"end":{"line":184,"column":33}},"184":{"start":{"line":185,"column":0},"end":{"line":185,"column":34}},"185":{"start":{"line":186,"column":0},"end":{"line":186,"column":33}},"186":{"start":{"line":187,"column":0},"end":{"line":187,"column":33}},"187":{"start":{"line":188,"column":0},"end":{"line":188,"column":20}},"188":{"start":{"line":189,"column":0},"end":{"line":189,"column":36}},"189":{"start":{"line":190,"column":0},"end":{"line":190,"column":32}},"190":{"start":{"line":191,"column":0},"end":{"line":191,"column":8}},"191":{"start":{"line":192,"column":0},"end":{"line":192,"column":6}},"192":{"start":{"line":193,"column":0},"end":{"line":193,"column":18}},"193":{"start":{"line":194,"column":0},"end":{"line":194,"column":20}},"194":{"start":{"line":195,"column":0},"end":{"line":195,"column":44}},"195":{"start":{"line":196,"column":0},"end":{"line":196,"column":6}},"196":{"start":{"line":197,"column":0},"end":{"line":197,"column":16}},"197":{"start":{"line":198,"column":0},"end":{"line":198,"column":21}},"198":{"start":{"line":199,"column":0},"end":{"line":199,"column":63}},"199":{"start":{"line":200,"column":0},"end":{"line":200,"column":6}},"200":{"start":{"line":201,"column":0},"end":{"line":201,"column":15}},"201":{"start":{"line":202,"column":0},"end":{"line":202,"column":21}},"202":{"start":{"line":203,"column":0},"end":{"line":203,"column":41}},"203":{"start":{"line":204,"column":0},"end":{"line":204,"column":19}},"204":{"start":{"line":205,"column":0},"end":{"line":205,"column":40}},"205":{"start":{"line":206,"column":0},"end":{"line":206,"column":65}},"206":{"start":{"line":207,"column":0},"end":{"line":207,"column":80}},"207":{"start":{"line":208,"column":0},"end":{"line":208,"column":36}},"208":{"start":{"line":209,"column":0},"end":{"line":209,"column":8}},"209":{"start":{"line":210,"column":0},"end":{"line":210,"column":6}},"210":{"start":{"line":211,"column":0},"end":{"line":211,"column":19}},"211":{"start":{"line":212,"column":0},"end":{"line":212,"column":21}},"212":{"start":{"line":213,"column":0},"end":{"line":213,"column":24}},"213":{"start":{"line":214,"column":0},"end":{"line":214,"column":19}},"214":{"start":{"line":215,"column":0},"end":{"line":215,"column":32}},"215":{"start":{"line":216,"column":0},"end":{"line":216,"column":33}},"216":{"start":{"line":217,"column":0},"end":{"line":217,"column":38}},"217":{"start":{"line":218,"column":0},"end":{"line":218,"column":8}},"218":{"start":{"line":219,"column":0},"end":{"line":219,"column":6}},"219":{"start":{"line":220,"column":0},"end":{"line":220,"column":16}},"220":{"start":{"line":221,"column":0},"end":{"line":221,"column":21}},"221":{"start":{"line":222,"column":0},"end":{"line":222,"column":69}},"222":{"start":{"line":223,"column":0},"end":{"line":223,"column":6}},"223":{"start":{"line":224,"column":0},"end":{"line":224,"column":21}},"224":{"start":{"line":225,"column":0},"end":{"line":225,"column":21}},"225":{"start":{"line":226,"column":0},"end":{"line":226,"column":19}},"226":{"start":{"line":227,"column":0},"end":{"line":227,"column":35}},"227":{"start":{"line":228,"column":0},"end":{"line":228,"column":36}},"228":{"start":{"line":229,"column":0},"end":{"line":229,"column":34}},"229":{"start":{"line":230,"column":0},"end":{"line":230,"column":61}},"230":{"start":{"line":231,"column":0},"end":{"line":231,"column":8}},"231":{"start":{"line":232,"column":0},"end":{"line":232,"column":33}},"232":{"start":{"line":233,"column":0},"end":{"line":233,"column":6}},"233":{"start":{"line":234,"column":0},"end":{"line":234,"column":16}},"234":{"start":{"line":235,"column":0},"end":{"line":235,"column":21}},"235":{"start":{"line":236,"column":0},"end":{"line":236,"column":63}},"236":{"start":{"line":237,"column":0},"end":{"line":237,"column":6}},"237":{"start":{"line":238,"column":0},"end":{"line":238,"column":15}},"238":{"start":{"line":239,"column":0},"end":{"line":239,"column":21}},"239":{"start":{"line":240,"column":0},"end":{"line":240,"column":32}},"240":{"start":{"line":241,"column":0},"end":{"line":241,"column":19}},"241":{"start":{"line":242,"column":0},"end":{"line":242,"column":40}},"242":{"start":{"line":243,"column":0},"end":{"line":243,"column":34}},"243":{"start":{"line":244,"column":0},"end":{"line":244,"column":75}},"244":{"start":{"line":245,"column":0},"end":{"line":245,"column":33}},"245":{"start":{"line":246,"column":0},"end":{"line":246,"column":35}},"246":{"start":{"line":247,"column":0},"end":{"line":247,"column":8}},"247":{"start":{"line":248,"column":0},"end":{"line":248,"column":6}},"248":{"start":{"line":249,"column":0},"end":{"line":249,"column":18}},"249":{"start":{"line":250,"column":0},"end":{"line":250,"column":20}},"250":{"start":{"line":251,"column":0},"end":{"line":251,"column":54}},"251":{"start":{"line":252,"column":0},"end":{"line":252,"column":6}},"252":{"start":{"line":253,"column":0},"end":{"line":253,"column":21}},"253":{"start":{"line":254,"column":0},"end":{"line":254,"column":21}},"254":{"start":{"line":255,"column":0},"end":{"line":255,"column":36}},"255":{"start":{"line":256,"column":0},"end":{"line":256,"column":19}},"256":{"start":{"line":257,"column":0},"end":{"line":257,"column":33}},"257":{"start":{"line":258,"column":0},"end":{"line":258,"column":36}},"258":{"start":{"line":259,"column":0},"end":{"line":259,"column":36}},"259":{"start":{"line":260,"column":0},"end":{"line":260,"column":8}},"260":{"start":{"line":261,"column":0},"end":{"line":261,"column":6}},"261":{"start":{"line":262,"column":0},"end":{"line":262,"column":14}},"262":{"start":{"line":263,"column":0},"end":{"line":263,"column":20}},"263":{"start":{"line":264,"column":0},"end":{"line":264,"column":46}},"264":{"start":{"line":265,"column":0},"end":{"line":265,"column":6}},"265":{"start":{"line":266,"column":0},"end":{"line":266,"column":13}},"266":{"start":{"line":267,"column":0},"end":{"line":267,"column":21}},"267":{"start":{"line":268,"column":0},"end":{"line":268,"column":23}},"268":{"start":{"line":269,"column":0},"end":{"line":269,"column":19}},"269":{"start":{"line":270,"column":0},"end":{"line":270,"column":31}},"270":{"start":{"line":271,"column":0},"end":{"line":271,"column":32}},"271":{"start":{"line":272,"column":0},"end":{"line":272,"column":33}},"272":{"start":{"line":273,"column":0},"end":{"line":273,"column":36}},"273":{"start":{"line":274,"column":0},"end":{"line":274,"column":8}},"274":{"start":{"line":275,"column":0},"end":{"line":275,"column":6}},"275":{"start":{"line":276,"column":0},"end":{"line":276,"column":4}},"276":{"start":{"line":277,"column":0},"end":{"line":277,"column":2}},"277":{"start":{"line":278,"column":0},"end":{"line":278,"column":0}},"278":{"start":{"line":279,"column":0},"end":{"line":279,"column":28}},"279":{"start":{"line":280,"column":0},"end":{"line":280,"column":46}},"280":{"start":{"line":281,"column":0},"end":{"line":281,"column":42}},"281":{"start":{"line":282,"column":0},"end":{"line":282,"column":0}},"282":{"start":{"line":283,"column":0},"end":{"line":283,"column":35}},"283":{"start":{"line":284,"column":0},"end":{"line":284,"column":17}},"284":{"start":{"line":285,"column":0},"end":{"line":285,"column":19}},"285":{"start":{"line":286,"column":0},"end":{"line":286,"column":1}},"286":{"start":{"line":287,"column":0},"end":{"line":287,"column":0}},"287":{"start":{"line":288,"column":0},"end":{"line":288,"column":3}},"288":{"start":{"line":289,"column":0},"end":{"line":289,"column":50}},"289":{"start":{"line":290,"column":0},"end":{"line":290,"column":3}},"290":{"start":{"line":291,"column":0},"end":{"line":291,"column":65}},"291":{"start":{"line":292,"column":0},"end":{"line":292,"column":32}},"292":{"start":{"line":293,"column":0},"end":{"line":293,"column":0}},"293":{"start":{"line":294,"column":0},"end":{"line":294,"column":14}},"294":{"start":{"line":295,"column":0},"end":{"line":295,"column":39}},"295":{"start":{"line":296,"column":0},"end":{"line":296,"column":3}},"296":{"start":{"line":297,"column":0},"end":{"line":297,"column":0}},"297":{"start":{"line":298,"column":0},"end":{"line":298,"column":68}},"298":{"start":{"line":299,"column":0},"end":{"line":299,"column":41}},"299":{"start":{"line":300,"column":0},"end":{"line":300,"column":51}},"300":{"start":{"line":301,"column":0},"end":{"line":301,"column":33}},"301":{"start":{"line":302,"column":0},"end":{"line":302,"column":5}},"302":{"start":{"line":303,"column":0},"end":{"line":303,"column":0}},"303":{"start":{"line":304,"column":0},"end":{"line":304,"column":34}},"304":{"start":{"line":305,"column":0},"end":{"line":305,"column":1}},"305":{"start":{"line":306,"column":0},"end":{"line":306,"column":0}},"306":{"start":{"line":307,"column":0},"end":{"line":307,"column":3}},"307":{"start":{"line":308,"column":0},"end":{"line":308,"column":61}},"308":{"start":{"line":309,"column":0},"end":{"line":309,"column":3}},"309":{"start":{"line":310,"column":0},"end":{"line":310,"column":71}},"310":{"start":{"line":311,"column":0},"end":{"line":311,"column":52}},"311":{"start":{"line":312,"column":0},"end":{"line":312,"column":17}},"312":{"start":{"line":313,"column":0},"end":{"line":313,"column":3}},"313":{"start":{"line":314,"column":0},"end":{"line":314,"column":0}},"314":{"start":{"line":315,"column":0},"end":{"line":315,"column":47}},"315":{"start":{"line":316,"column":0},"end":{"line":316,"column":0}},"316":{"start":{"line":317,"column":0},"end":{"line":317,"column":27}},"317":{"start":{"line":318,"column":0},"end":{"line":318,"column":50}},"318":{"start":{"line":319,"column":0},"end":{"line":319,"column":17}},"319":{"start":{"line":320,"column":0},"end":{"line":320,"column":3}},"320":{"start":{"line":321,"column":0},"end":{"line":321,"column":0}},"321":{"start":{"line":322,"column":0},"end":{"line":322,"column":51}},"322":{"start":{"line":323,"column":0},"end":{"line":323,"column":0}},"323":{"start":{"line":324,"column":0},"end":{"line":324,"column":39}},"324":{"start":{"line":325,"column":0},"end":{"line":325,"column":6}},"325":{"start":{"line":326,"column":0},"end":{"line":326,"column":36}},"326":{"start":{"line":327,"column":0},"end":{"line":327,"column":39}},"327":{"start":{"line":328,"column":0},"end":{"line":328,"column":33}},"328":{"start":{"line":329,"column":0},"end":{"line":329,"column":5}},"329":{"start":{"line":330,"column":0},"end":{"line":330,"column":17}},"330":{"start":{"line":331,"column":0},"end":{"line":331,"column":3}},"331":{"start":{"line":332,"column":0},"end":{"line":332,"column":0}},"332":{"start":{"line":333,"column":0},"end":{"line":333,"column":23}},"333":{"start":{"line":334,"column":0},"end":{"line":334,"column":59}},"334":{"start":{"line":335,"column":0},"end":{"line":335,"column":40}},"335":{"start":{"line":336,"column":0},"end":{"line":336,"column":17}},"336":{"start":{"line":337,"column":0},"end":{"line":337,"column":3}},"337":{"start":{"line":338,"column":0},"end":{"line":338,"column":0}},"338":{"start":{"line":339,"column":0},"end":{"line":339,"column":14}},"339":{"start":{"line":340,"column":0},"end":{"line":340,"column":1}}},"s":{"0":1,"1":1,"2":1,"3":1,"4":1,"5":1,"6":1,"7":1,"8":1,"9":1,"10":1,"11":1,"12":1,"13":1,"14":1,"15":1,"16":1,"17":1,"18":1,"19":1,"20":1,"21":1,"22":1,"23":1,"24":1,"25":1,"26":1,"27":1,"28":1,"29":1,"30":1,"31":1,"32":1,"33":1,"34":1,"35":1,"36":1,"37":1,"38":1,"39":1,"40":1,"41":1,"42":1,"43":1,"44":1,"45":1,"46":1,"47":1,"48":1,"49":1,"50":1,"51":1,"52":1,"53":1,"54":1,"55":1,"56":1,"57":1,"58":1,"59":1,"60":1,"61":1,"62":1,"63":1,"64":1,"65":1,"66":1,"67":1,"68":1,"69":1,"70":1,"71":1,"72":1,"73":1,"74":1,"75":1,"76":1,"77":1,"78":1,"79":1,"80":1,"81":1,"82":1,"83":1,"84":1,"85":1,"86":1,"87":1,"88":1,"89":1,"90":1,"91":1,"92":1,"93":1,"94":1,"95":1,"96":1,"97":1,"98":1,"99":1,"100":1,"101":1,"102":1,"103":1,"104":1,"105":1,"106":1,"107":1,"108":1,"109":1,"110":1,"111":1,"112":1,"113":1,"114":1,"115":1,"116":1,"117":1,"118":1,"119":1,"120":1,"121":1,"122":1,"123":1,"124":1,"125":1,"126":1,"127":1,"128":1,"129":1,"130":1,"131":1,"132":1,"133":1,"134":1,"135":1,"136":1,"137":1,"138":1,"139":1,"140":1,"141":1,"142":1,"143":1,"144":1,"145":1,"146":1,"147":1,"148":1,"149":1,"150":1,"151":1,"152":1,"153":1,"154":1,"155":1,"156":1,"157":1,"158":1,"159":1,"160":1,"161":1,"162":1,"163":1,"164":1,"165":1,"166":1,"167":1,"168":1,"169":1,"170":1,"171":1,"172":1,"173":1,"174":1,"175":1,"176":1,"177":1,"178":1,"179":1,"180":1,"181":1,"182":1,"183":1,"184":1,"185":1,"186":1,"187":1,"188":1,"189":1,"190":1,"191":1,"192":1,"193":1,"194":1,"195":1,"196":1,"197":1,"198":1,"199":1,"200":1,"201":1,"202":1,"203":1,"204":1,"205":1,"206":1,"207":1,"208":1,"209":1,"210":1,"211":1,"212":1,"213":1,"214":1,"215":1,"216":1,"217":1,"218":1,"219":1,"220":1,"221":1,"222":1,"223":1,"224":1,"225":1,"226":1,"227":1,"228":1,"229":1,"230":1,"231":1,"232":1,"233":1,"234":1,"235":1,"236":1,"237":1,"238":1,"239":1,"240":1,"241":1,"242":1,"243":1,"244":1,"245":1,"246":1,"247":1,"248":1,"249":1,"250":1,"251":1,"252":1,"253":1,"254":1,"255":1,"256":1,"257":1,"258":1,"259":1,"260":1,"261":1,"262":1,"263":1,"264":1,"265":1,"266":1,"267":1,"268":1,"269":1,"270":1,"271":1,"272":1,"273":1,"274":1,"275":1,"276":1,"277":1,"278":1,"279":1,"280":1,"281":1,"282":1,"283":1,"284":1,"285":1,"286":1,"287":1,"288":1,"289":1,"290":1,"291":75,"292":75,"293":75,"294":40,"295":40,"296":35,"297":75,"298":37,"299":37,"300":37,"301":75,"302":75,"303":75,"304":75,"305":1,"306":1,"307":1,"308":1,"309":1,"310":24,"311":5,"312":5,"313":19,"314":19,"315":19,"316":19,"317":24,"318":6,"319":6,"320":13,"321":13,"322":13,"323":13,"324":13,"325":13,"326":11,"327":9,"328":24,"329":6,"330":6,"331":7,"332":7,"333":7,"334":24,"335":1,"336":1,"337":6,"338":6,"339":6},"branchMap":{"0":{"type":"branch","line":9,"loc":{"start":{"line":9,"column":21},"end":{"line":9,"column":36}},"locations":[{"start":{"line":9,"column":21},"end":{"line":9,"column":36}}]},"1":{"type":"branch","line":291,"loc":{"start":{"line":291,"column":7},"end":{"line":305,"column":1}},"locations":[{"start":{"line":291,"column":7},"end":{"line":305,"column":1}}]},"2":{"type":"branch","line":294,"loc":{"start":{"line":294,"column":13},"end":{"line":296,"column":3}},"locations":[{"start":{"line":294,"column":13},"end":{"line":296,"column":3}}]},"3":{"type":"branch","line":296,"loc":{"start":{"line":296,"column":2},"end":{"line":298,"column":41}},"locations":[{"start":{"line":296,"column":2},"end":{"line":298,"column":41}}]},"4":{"type":"branch","line":296,"loc":{"start":{"line":296,"column":2},"end":{"line":298,"column":37}},"locations":[{"start":{"line":296,"column":2},"end":{"line":298,"column":37}}]},"5":{"type":"branch","line":298,"loc":{"start":{"line":298,"column":27},"end":{"line":298,"column":41}},"locations":[{"start":{"line":298,"column":27},"end":{"line":298,"column":41}}]},"6":{"type":"branch","line":298,"loc":{"start":{"line":298,"column":45},"end":{"line":302,"column":3}},"locations":[{"start":{"line":298,"column":45},"end":{"line":302,"column":3}}]},"7":{"type":"branch","line":299,"loc":{"start":{"line":299,"column":21},"end":{"line":299,"column":41}},"locations":[{"start":{"line":299,"column":21},"end":{"line":299,"column":41}}]},"8":{"type":"branch","line":300,"loc":{"start":{"line":300,"column":24},"end":{"line":300,"column":51}},"locations":[{"start":{"line":300,"column":24},"end":{"line":300,"column":51}}]},"9":{"type":"branch","line":310,"loc":{"start":{"line":310,"column":7},"end":{"line":340,"column":1}},"locations":[{"start":{"line":310,"column":7},"end":{"line":340,"column":1}}]},"10":{"type":"branch","line":311,"loc":{"start":{"line":311,"column":23},"end":{"line":311,"column":51}},"locations":[{"start":{"line":311,"column":23},"end":{"line":311,"column":51}}]},"11":{"type":"branch","line":311,"loc":{"start":{"line":311,"column":51},"end":{"line":313,"column":3}},"locations":[{"start":{"line":311,"column":51},"end":{"line":313,"column":3}}]},"12":{"type":"branch","line":313,"loc":{"start":{"line":313,"column":2},"end":{"line":318,"column":19}},"locations":[{"start":{"line":313,"column":2},"end":{"line":318,"column":19}}]},"13":{"type":"branch","line":318,"loc":{"start":{"line":318,"column":11},"end":{"line":318,"column":49}},"locations":[{"start":{"line":318,"column":11},"end":{"line":318,"column":49}}]},"14":{"type":"branch","line":318,"loc":{"start":{"line":318,"column":49},"end":{"line":320,"column":3}},"locations":[{"start":{"line":318,"column":49},"end":{"line":320,"column":3}}]},"15":{"type":"branch","line":320,"loc":{"start":{"line":320,"column":2},"end":{"line":326,"column":36}},"locations":[{"start":{"line":320,"column":2},"end":{"line":326,"column":36}}]},"16":{"type":"branch","line":326,"loc":{"start":{"line":326,"column":25},"end":{"line":327,"column":39}},"locations":[{"start":{"line":326,"column":25},"end":{"line":327,"column":39}}]},"17":{"type":"branch","line":327,"loc":{"start":{"line":327,"column":28},"end":{"line":328,"column":33}},"locations":[{"start":{"line":327,"column":28},"end":{"line":328,"column":33}}]},"18":{"type":"branch","line":329,"loc":{"start":{"line":329,"column":4},"end":{"line":331,"column":3}},"locations":[{"start":{"line":329,"column":4},"end":{"line":331,"column":3}}]},"19":{"type":"branch","line":331,"loc":{"start":{"line":331,"column":2},"end":{"line":335,"column":39}},"locations":[{"start":{"line":331,"column":2},"end":{"line":335,"column":39}}]},"20":{"type":"branch","line":335,"loc":{"start":{"line":335,"column":39},"end":{"line":337,"column":3}},"locations":[{"start":{"line":335,"column":39},"end":{"line":337,"column":3}}]},"21":{"type":"branch","line":337,"loc":{"start":{"line":337,"column":2},"end":{"line":340,"column":1}},"locations":[{"start":{"line":337,"column":2},"end":{"line":340,"column":1}}]}},"b":{"0":[0],"1":[75],"2":[40],"3":[66],"4":[35],"5":[0],"6":[37],"7":[7],"8":[0],"9":[24],"10":[20],"11":[5],"12":[19],"13":[15],"14":[6],"15":[13],"16":[11],"17":[9],"18":[6],"19":[7],"20":[1],"21":[6]},"fnMap":{"0":{"name":"validateSkill","decl":{"start":{"line":291,"column":7},"end":{"line":305,"column":1}},"loc":{"start":{"line":291,"column":7},"end":{"line":305,"column":1}},"line":291},"1":{"name":"isValidSkillStructure","decl":{"start":{"line":310,"column":7},"end":{"line":340,"column":1}},"loc":{"start":{"line":310,"column":7},"end":{"line":340,"column":1}},"line":310}},"f":{"0":75,"1":24}}
}
